#
# A fatal error has been detected by the Java Runtime Environment:
#
#  EXCEPTION_ACCESS_VIOLATION (0xc0000005) at pc=0x000001c40d4b640b, pid=11464, tid=12076
#
# JRE version: OpenJDK Runtime Environment Temurin-17.0.6+10 (17.0.6+10) (build 17.0.6+10)
# Java VM: OpenJDK 64-Bit Server VM Temurin-17.0.6+10 (17.0.6+10, mixed mode, emulated-client, tiered, compressed oops, compressed class ptrs, g1 gc, windows-amd64)
# Problematic frame:
# J 120 c1 java.util.HashMap.putVal(ILjava/lang/Object;Ljava/lang/Object;ZZ)Ljava/lang/Object; java.base@17.0.6 (300 bytes) @ 0x000001c40d4b640b [0x000001c40d4b6160+0x00000000000002ab]
#
# No core dump will be written. Minidumps are not enabled by default on client versions of Windows
#
# If you would like to submit a bug report, please visit:
#   https://github.com/adoptium/adoptium-support/issues
#

---------------  S U M M A R Y ------------

Command Line: -Dcom.sun.management.jmxremote -Dcom.sun.management.jmxremote.port=57367 -Dcom.sun.management.jmxremote.authenticate=false -Dcom.sun.management.jmxremote.ssl=false -Djava.rmi.server.hostname=localhost -Dspring.jmx.enabled=true -Dmanagement.endpoints.jmx.exposure.include=* -Dspring.application.admin.enabled=true -XX:TieredStopAtLevel=1 -Dspring.boot.project.name=institucion -Dfile.encoding=UTF-8 -XX:+ShowCodeDetailsInExceptionMessages com.uisarel.institucion.InstitucionApplication --spring.output.ansi.enabled=always

Host: Intel(R) Core(TM) i3-4030U CPU @ 1.90GHz, 4 cores, 7G,  Windows 10 , 64 bit Build 19041 (10.0.19041.2546)
Time: Mon Apr  3 19:23:37 2023 Hora est. Pacífico, Sudamérica elapsed time: 784.103120 seconds (0d 0h 13m 4s)

---------------  T H R E A D  ---------------

Current thread (0x000001c419506fc0):  JavaThread "File Watcher" daemon [_thread_in_Java, id=12076, stack(0x0000009a69b00000,0x0000009a69c00000)]

Stack: [0x0000009a69b00000,0x0000009a69c00000],  sp=0x0000009a69bfe3b0,  free space=1016k
Native frames: (J=compiled Java code, j=interpreted, Vv=VM code, C=native code)
C  0x000001c40d4b640b


siginfo: EXCEPTION_ACCESS_VIOLATION (0xc0000005), reading address 0x000000000065007f


Register to memory mapping:

RIP=0x000001c40d4b640b is at entry_point+683 in (nmethod*)0x000001c40d4b5f10
RAX=0x000000000000129a is an unknown value
RBX=0x0000000000650073 is an unknown value
RCX=0x0000000100060e10 is a pointer to class: 
java.util.HashMap$TreeNode {0x0000000100060e18}
 - instance size:     7
 - klass size:        73
 - access:            final synchronized 
 - state:             loaded
 - name:              'java/util/HashMap$TreeNode'
 - super:             'java/util/LinkedHashMap$Entry'
 - sub:               
 - arrays:            NULL
 - methods:           Array<T>(0x000001c417599578)
 - method ordering:   Array<T>(0x000001c417400018)
 - default_methods:   Array<T>(0x0000000000000000)
 - local interfaces:  Array<T>(0x000001c417400058)
 - trans. interfaces: Array<T>(0x000001c4175982e8)
 - constants:         constant pool [250] {0x000001c417598cb0} for 'java/util/HashMap$TreeNode'
 - class loader data:  loader data: 0x000001c416ff7c60 of 'bootstrap'
 - source file:       'HashMap.java'
 - class annotations:       Array<T>(0x0000000000000000)
 - class type annotations:  Array<T>(0x0000000000000000)
 - field annotations:       Array<T>(0x0000000000000000)
 - field type annotations:  Array<T>(0x0000000000000000)
 - generic signature: '<K:Ljava/lang/Object;V:Ljava/lang/Object;>Ljava/util/LinkedHashMap$Entry<TK;TV;>;'
 - inner classes:     Array<T>(0x000001c41759b408)
 - nest members:     Array<T>(0x000001c417400028)
 - permitted subclasses:     Array<T>(0x000001c417400028)
 - java mirror:       a 'java/lang/Class'{0x0000000082128460} = 'java/util/HashMap$TreeNode'
 - vtable length      5  (start addr: 0x0000000100060fd8)
 - itable length      9 (start addr: 0x0000000100061000)
 - ---- static fields (1 words):
 - static final synthetic '$assertionsDisabled' 'Z' @112 
 - ---- non-static fields (11 words):
 - final 'hash' 'I' @12 
 - final 'key' 'Ljava/lang/Object;' @16 
 - 'value' 'Ljava/lang/Object;' @20 
 - 'next' 'Ljava/util/HashMap$Node;' @24 
 - 'before' 'Ljava/util/LinkedHashMap$Entry;' @28 
 - 'after' 'Ljava/util/LinkedHashMap$Entry;' @32 
 - 'red' 'Z' @36 
 - 'parent' 'Ljava/util/HashMap$TreeNode;' @40 
 - 'left' 'Ljava/util/HashMap$TreeNode;' @44 
 - 'right' 'Ljava/util/HashMap$TreeNode;' @48 
 - 'prev' 'Ljava/util/HashMap$TreeNode;' @52 
 - non-static oop maps: 16-32 40-52 
RDX=0x000000008902b610 is an oop: java.util.LinkedHashMap 
{0x000000008902b610} - klass: 'java/util/LinkedHashMap'
 - ---- fields (total size 7 words):
 - transient 'keySet' 'Ljava/util/Set;' @12  NULL (0)
 - transient 'values' 'Ljava/util/Collection;' @16  NULL (0)
 - transient 'size' 'I' @20  8820 (2274)
 - transient 'modCount' 'I' @24  8820 (2274)
 - 'threshold' 'I' @28  12288 (3000)
 - final 'loadFactor' 'F' @32  0.750000 (3f400000)
 - transient 'table' '[Ljava/util/HashMap$Node;' @36  a 'java/util/HashMap$Node'[16384] {0x0000000088a14d28} (88a14d28)
 - transient 'entrySet' 'Ljava/util/Set;' @40  NULL (0)
 - final 'accessOrder' 'Z' @44  false
 - transient 'head' 'Ljava/util/LinkedHashMap$Entry;' @48  a 'java/util/LinkedHashMap$Entry'{0x000000008902be10} (8902be10)
 - transient 'tail' 'Ljava/util/LinkedHashMap$Entry;' @52  a 'java/util/LinkedHashMap$Entry'{0x0000000088883d90} (88883d90)
RSP=0x0000009a69bfe3b0 is pointing into the stack for thread: 0x000001c419506fc0
RBP=0x0000009a69bff320 is pointing into the stack for thread: 0x000001c419506fc0
RSI=0x0000000088ee5028 is pointing into object: [C 
{0x0000000088ee4fd8} - klass: {type array char}
 - length: 157
RDI=0x0 is NULL
R8 =0x0000000050cc129a is an unknown value
R9 =0x0000000088883db8 is an oop: org.springframework.boot.devtools.filewatch.FileSnapshot 
{0x0000000088883db8} - klass: 'org/springframework/boot/devtools/filewatch/FileSnapshot'
 - ---- fields (total size 5 words):
 - private final 'exists' 'Z' @12  true
 - private final 'length' 'J' @16  18313 (4789 0)
 - private final 'lastModified' 'J' @24  1672207684106 (5758520a 185)
 - private final 'file' 'Ljava/io/File;' @32  a 'java/io/File'{0x0000000088881568} (88881568)
R10=0x000001c407ae1000 points into unknown readable memory: 0x0000000000000000 | 00 00 00 00 00 00 00 00
R11=0x0 is NULL
R12=0x0 is NULL
R13=0x0 is NULL
R14=0x000000008887e3c8 is an oop: java.io.File 
{0x000000008887e3c8} - klass: 'java/io/File'
 - ---- fields (total size 4 words):
 - private final transient 'prefixLength' 'I' @12  3
 - private final 'path' 'Ljava/lang/String;' @16  "E:\PROYECTOS CIVILES\institucion\target\classes\static\themes\assets\plugins\material\fonts\materialdesignicons\assets\img\assets\img"{0x000000008887e508} (8887e508)
 - private transient 'status' 'Ljava/io/File$PathStatus;' @20  a 'java/io/File$PathStatus'{0x0000000082193f08} (82193f08)
 - private volatile transient 'filePath' 'Ljava/nio/file/Path;' @24  NULL (0)
R15=0x000001c419506fc0 is a thread


Registers:
RAX=0x000000000000129a, RBX=0x0000000000650073, RCX=0x0000000100060e10, RDX=0x000000008902b610
RSP=0x0000009a69bfe3b0, RBP=0x0000009a69bff320, RSI=0x0000000088ee5028, RDI=0x0000000000000000
R8 =0x0000000050cc129a, R9 =0x0000000088883db8, R10=0x000001c407ae1000, R11=0x0000000000000000
R12=0x0000000000000000, R13=0x0000000000000000, R14=0x000000008887e3c8, R15=0x000001c419506fc0
RIP=0x000001c40d4b640b, EFLAGS=0x0000000000010202

Top of Stack: (sp=0x0000009a69bfe3b0)
0x0000009a69bfe3b0:   000000008204a308 0000000088883e88
0x0000009a69bfe3c0:   000001c407a70000 0000009a69bfe410
0x0000009a69bfe3d0:   0000009a69bff320 000001c40e1d3fa4
0x0000009a69bfe3e0:   0000000000000000 00007ff955b89fe7
0x0000009a69bfe3f0:   0000000050cc129a 0000000088883db8
0x0000009a69bfe400:   0000000082163cb0 000000008902b610
0x0000009a69bfe410:   000001c400000001 0000000088a14d28
0x0000009a69bfe420:   0000000000000000 000001c400000000
0x0000009a69bfe430:   0000000000650073 0000000000000000
0x0000009a69bfe440:   0000000088883db8 00007ff93fb7a759
0x0000009a69bfe450:   0000009a69bff320 000001c40d4b5d5c
0x0000009a69bfe460:   000001c41f57c610 0000000000000000
0x0000009a69bfe470:   00002a6cffbcade7 000000008887e3c8
0x0000009a69bfe480:   0000000000000000 00007ff93fb7805f
0x0000009a69bfe490:   0000000000000000 000001c400000000
0x0000009a69bfe4a0:   0000000000000000 0000000000000000 

Instructions: (pc=0x000001c40d4b640b)
0x000001c40d4b630b:   49 83 f9 00 0f 85 0a 00 00 00 48 89 5c 24 68 e9
0x000001c40d4b631b:   2b 00 00 00 48 89 74 24 70 48 89 5c 24 68 49 8b
0x000001c40d4b632b:   d1 90 48 b8 ff ff ff ff ff ff ff ff e8 24 41 fd
0x000001c40d4b633b:   ff 83 f8 00 48 8b 74 24 70 0f 85 df 01 00 00 48
0x000001c40d4b634b:   83 fe 00 0f 84 20 00 00 00 48 b9 10 0e 06 00 01
0x000001c40d4b635b:   00 00 00 44 8b 4e 08 49 c1 e1 03 49 3b c9 0f 85
0x000001c40d4b636b:   05 00 00 00 e9 05 00 00 00 4d 33 c0 eb 0a 49 b8
0x000001c40d4b637b:   01 00 00 00 00 00 00 00 41 83 f8 00 0f 84 54 00
0x000001c40d4b638b:   00 00 48 83 fe 00 0f 84 20 00 00 00 48 bf 10 0e
0x000001c40d4b639b:   06 00 01 00 00 00 44 8b 46 08 49 c1 e0 03 49 3b
0x000001c40d4b63ab:   f8 0f 85 fa 02 00 00 e9 00 00 00 00 48 8b d6 48
0x000001c40d4b63bb:   3b 02 4c 8b 44 24 58 4c 8b 4c 24 68 8b 7c 24 40
0x000001c40d4b63cb:   48 8b 74 24 48 48 8b 4c 24 50 66 90 e8 a4 af f2
0x000001c40d4b63db:   ff e9 4b 01 00 00 bf 00 00 00 00 66 90 89 7c 24
0x000001c40d4b63eb:   78 4c 8b 4c 24 48 44 8b 44 24 40 8b 5e 18 48 89
0x000001c40d4b63fb:   9c 24 80 00 00 00 48 83 fb 00 0f 84 76 00 00 00
0x000001c40d4b640b:   8b 53 0c 41 3b d0 0f 85 36 00 00 00 8b 53 10 49
0x000001c40d4b641b:   3b d1 0f 84 44 00 00 00 49 83 f9 00 0f 84 20 00
0x000001c40d4b642b:   00 00 4c 8b c2 49 8b d1 66 90 48 b8 ff ff ff ff
0x000001c40d4b643b:   ff ff ff ff e8 1c 40 fd ff 83 f8 00 0f 85 27 00
0x000001c40d4b644b:   00 00 8b 7c 24 78 ff c7 4d 8b 97 48 03 00 00 41
0x000001c40d4b645b:   85 02 48 8b b4 24 80 00 00 00 eb 81 48 8b 84 24
0x000001c40d4b646b:   80 00 00 00 e9 b8 00 00 00 48 8b 84 24 80 00 00
0x000001c40d4b647b:   00 e9 ab 00 00 00 48 89 b4 24 88 00 00 00 44 8b
0x000001c40d4b648b:   44 24 40 48 8b 7c 24 50 48 be 00 00 00 00 00 00
0x000001c40d4b649b:   00 00 48 8b 54 24 58 66 66 90 48 b8 ff ff ff ff
0x000001c40d4b64ab:   ff ff ff ff e8 e4 40 fd ff 45 0f be 47 38 41 83
0x000001c40d4b64bb:   f8 00 48 8b b4 24 88 00 00 00 0f 85 f9 01 00 00
0x000001c40d4b64cb:   4c 8b d0 44 89 56 18 4c 8b c6 4c 33 c0 49 c1 e8
0x000001c40d4b64db:   14 49 83 f8 00 0f 85 fa 01 00 00 8b 7c 24 78 83
0x000001c40d4b64eb:   ff 07 0f 8d 0d 00 00 00 48 8b 84 24 80 00 00 00
0x000001c40d4b64fb:   e9 2c 00 00 00 48 8b 5c 24 68 44 8b 4c 24 40 4c 


Stack slot to memory mapping:
stack at sp + 0 slots: 0x000000008204a308 is an oop: java.io.WinNTFileSystem 
{0x000000008204a308} - klass: 'java/io/WinNTFileSystem'
 - ---- fields (total size 4 words):
 - private final 'slash' 'C' @12  \ 92 (5c)
 - private final 'altSlash' 'C' @14  / 47 (2f)
 - private final 'semicolon' 'C' @16  ; 59 (3b)
 - private final 'userDir' 'Ljava/lang/String;' @20  "E:\PROYECTOS CIVILES\institucion"{0x000000008202d258} (8202d258)
 - private final 'cache' 'Ljava/io/ExpiringCache;' @24  NULL (0)
 - private final 'prefixCache' 'Ljava/io/ExpiringCache;' @28  NULL (0)
stack at sp + 1 slots: 0x0000000088883e88 is an oop: java.lang.String 
{0x0000000088883e88} - klass: 'java/lang/String'
 - string: "e:\proyectos civiles\institucion\target\classes\static\themes\assets\plugins\material\fonts\materialdesignicons\assets\img\assets\img\image-09.jpg.html"
stack at sp + 2 slots: 0x000001c407a70000 points into unknown readable memory: 0x0000000000000000 | 00 00 00 00 00 00 00 00
stack at sp + 3 slots: 0x0000009a69bfe410 is pointing into the stack for thread: 0x000001c419506fc0
stack at sp + 4 slots: 0x0000009a69bff320 is pointing into the stack for thread: 0x000001c419506fc0
stack at sp + 5 slots: 0x000001c40e1d3fa4 is at entry_point+100 in (nmethod*)0x000001c40e1d3d90
stack at sp + 6 slots: 0x0 is NULL
stack at sp + 7 slots: 0x00007ff955b89fe7 KERNELBASE.dll

--------------------------------------------------------------------------------
[Constant Pool (empty)]

--------------------------------------------------------------------------------

[MachCode]
  0x000001c40d4b6160: 448b 5208 | 49c1 e203 | 4c3b d00f | 850f aff2 | ff66 6666 | 0f1f 8400 | 0000 0000 | 6666 6690 
  0x000001c40d4b6180: 8984 2400 | 90ff ff55 | 4881 eca0 | 0000 0048 | 8954 2458 | 4489 4424 | 404c 894c | 2448 8b5a 
  0x000001c40d4b61a0: 2448 83fb | 000f 841e | 0000 008b | 430c 83f8 | 000f 8412 | 0000 0089 | 4c24 6089 | 7424 4448 
  0x000001c40d4b61c0: 897c 2450 | e928 0000 | 0089 4c24 | 6089 7424 | 4448 897c | 2450 488b | da48 8bd3 | 6666 90e8 
  0x000001c40d4b61e0: 7c44 0900 | 4c8b c045 | 8b48 0c49 | 8bc1 498b | d8ff c823 | 4424 403b | 430c 0f83 | 5804 0000 
  0x000001c40d4b6200: 4c63 c042 | 8b74 8310 | 4883 fe00 | 0f85 ce00 | 0000 8944 | 2464 4889 | 5c24 6844 | 8b44 2440 
  0x000001c40d4b6220: 4c8b 4c24 | 4848 8b7c | 2450 48be | 0000 0000 | 0000 0000 | 488b 5424 | 580f 1f40 | 0048 b8ff 
  0x000001c40d4b6240: ffff ffff | ffff ffe8 | 4c43 fdff | 488b 5c24 | 6848 83f8 | 000f 844b | 0000 0044 | 8b43 0849 
  0x000001c40d4b6260: c1e0 038b | 5008 48c1 | e203 4d8b | 80e0 0000 | 0049 3bd0 | 0f84 2c00 | 0000 418b | 7014 4c3b 
  0x000001c40d4b6280: 0432 0f84 | 1e00 0000 | 83fe 200f | 85da 0300 | 0052 4150 | e867 d7fc | ff5a 4158 | 4183 f800 
  0x000001c40d4b62a0: 0f84 c503 | 0000 448b | 4424 644d | 63c0 4e8d | 4483 1041 | 0fbe 5738 | 83fa 000f | 85b3 0300 
  0x000001c40d4b62c0: 004c 8bd0 | 4589 1049 | 8bd0 4833 | d048 c1ea | 1448 83fa | 000f 85b4 | 0300 00e9 | 5602 0000 
  0x000001c40d4b62e0: 448b 460c | 443b 4424 | 400f 840a | 0000 0048 | 895c 2468 | e951 0000 | 004c 8b4c | 2448 448b 
  0x000001c40d4b6300: 4610 4d3b | c10f 841e | 0200 0049 | 83f9 000f | 850a 0000 | 0048 895c | 2468 e92b | 0000 0048 
  0x000001c40d4b6320: 8974 2470 | 4889 5c24 | 6849 8bd1 | 9048 b8ff | ffff ffff | ffff ffe8 | 2441 fdff | 83f8 0048 
  0x000001c40d4b6340: 8b74 2470 | 0f85 df01 | 0000 4883 | fe00 0f84 | 2000 0000 | 48b9 100e | 0600 0100 | 0000 448b 
  0x000001c40d4b6360: 4e08 49c1 | e103 493b | c90f 8505 | 0000 00e9 | 0500 0000 | 4d33 c0eb | 0a49 b801 | 0000 0000 
  0x000001c40d4b6380: 0000 0041 | 83f8 000f | 8454 0000 | 0048 83fe | 000f 8420 | 0000 0048 | bf10 0e06 | 0001 0000 
  0x000001c40d4b63a0: 0044 8b46 | 0849 c1e0 | 0349 3bf8 | 0f85 fa02 | 0000 e900 | 0000 0048 | 8bd6 483b | 024c 8b44 
  0x000001c40d4b63c0: 2458 4c8b | 4c24 688b | 7c24 4048 | 8b74 2448 | 488b 4c24 | 5066 90e8 | a4af f2ff | e94b 0100 
  0x000001c40d4b63e0: 00bf 0000 | 0000 6690 | 897c 2478 | 4c8b 4c24 | 4844 8b44 | 2440 8b5e | 1848 899c | 2480 0000 
  0x000001c40d4b6400: 0048 83fb | 000f 8476 | 0000 008b | 530c 413b | d00f 8536 | 0000 008b | 5310 493b | d10f 8444 
  0x000001c40d4b6420: 0000 0049 | 83f9 000f | 8420 0000 | 004c 8bc2 | 498b d166 | 9048 b8ff | ffff ffff | ffff ffe8 
  0x000001c40d4b6440: 1c40 fdff | 83f8 000f | 8527 0000 | 008b 7c24 | 78ff c74d | 8b97 4803 | 0000 4185 | 0248 8bb4 
  0x000001c40d4b6460: 2480 0000 | 00eb 8148 | 8b84 2480 | 0000 00e9 | b800 0000 | 488b 8424 | 8000 0000 | e9ab 0000 
  0x000001c40d4b6480: 0048 89b4 | 2488 0000 | 0044 8b44 | 2440 488b | 7c24 5048 | be00 0000 | 0000 0000 | 0048 8b54 
  0x000001c40d4b64a0: 2458 6666 | 9048 b8ff | ffff ffff | ffff ffe8 | e440 fdff | 450f be47 | 3841 83f8 | 0048 8bb4 
  0x000001c40d4b64c0: 2488 0000 | 000f 85f9 | 0100 004c | 8bd0 4489 | 5618 4c8b | c64c 33c0 | 49c1 e814 | 4983 f800 
  0x000001c40d4b64e0: 0f85 fa01 | 0000 8b7c | 2478 83ff | 070f 8d0d | 0000 0048 | 8b84 2480 | 0000 00e9 | 2c00 0000 
  0x000001c40d4b6500: 488b 5c24 | 6844 8b4c | 2440 4c8b | c348 8b54 | 2458 0f1f | 4400 00e8 | e902 0000 | 488b 8424 
  0x000001c40d4b6520: 8000 0000 | e903 0000 | 0048 8bc6 | 4883 f800 | 0f85 3000 | 0000 488b | 5424 5844 | 8b42 1841 
  0x000001c40d4b6540: ffc0 4489 | 4218 448b | 4214 41ff | c044 8942 | 148b 721c | 443b c60f | 8f95 0000 | 008b 4c24 
  0x000001c40d4b6560: 60e9 a700 | 0000 8b74 | 2444 488b | 5424 588b | 7814 83fe | 000f 840a | 0000 0048 | 83ff 000f 
  0x000001c40d4b6580: 852e 0000 | 004c 8b44 | 2450 410f | be77 3883 | fe00 0f85 | 6501 0000 | 4d8b d044 | 8950 1448 
  0x000001c40d4b65a0: 8bf0 4933 | f048 c1ee | 1448 83fe | 000f 8565 | 0100 0048 | 89bc 2490 | 0000 004c | 8bc0 0f1f 
  0x000001c40d4b65c0: 8000 0000 | 0048 b8ff | ffff ffff | ffff ffe8 | 3c40 fdff | 488b 8424 | 9000 0000 | 4881 c4a0 
  0x000001c40d4b65e0: 0000 005d | 493b a740 | 0300 000f | 873f 0100 | 00c3 488b | f248 8bd6 | 0f1f 8000 | 0000 00e8 
  0x000001c40d4b6600: 5c40 0900 | 8b4c 2460 | 488b 5424 | 584c 8bc1 | 0f1f 4400 | 0048 b8ff | ffff ffff | ffff ffe8 
  0x000001c40d4b6620: 9c3f fdff | 48b8 0000 | 0000 0000 | 0000 4881 | c4a0 0000 | 005d 493b | a740 0300 | 000f 8703 
  0x000001c40d4b6640: 0100 00c3 | e8d7 a9fc | ffe8 d2a9 | fcff e8cd | a9fc ffe8 | c8a9 fcff | 4889 0424 | 4889 5c24 
  0x000001c40d4b6660: 08e8 baa0 | fcff e8b5 | a9fc ff48 | 8904 24e8 | acca fcff | 418b 1048 | 83fa 000f | 8440 fcff 
  0x000001c40d4b6680: ff48 8914 | 24e8 7600 | fdff e932 | fcff ff48 | 83f8 000f | 8442 fcff | ff4c 8904 | 24e8 5e03 
  0x000001c40d4b66a0: fdff e934 | fcff ffe8 | 74a9 fcff | 4889 3424 | e86b cdfc | ffe8 66a9 | fcff e861 | a9fc ffe8 
  0x000001c40d4b66c0: 5ca9 fcff | 448b 4618 | 4983 f800 | 0f84 f9fd | ffff 4c89 | 0424 e825 | 00fd ffe9 | ebfd ffff 
  0x000001c40d4b66e0: 4883 f800 | 0f84 fcfd | ffff 4889 | 3424 e80d | 03fd ffe9 | eefd ffff | e823 a9fc | ff8b 7014 
  0x000001c40d4b6700: 4883 fe00 | 0f84 8efe | ffff 4889 | 3424 e8ed | fffc ffe9 | 80fe ffff | 4983 f800 | 0f84 91fe 
  0x000001c40d4b6720: ffff 4889 | 0424 e8d5 | 02fd ffe9 | 83fe ffff | 49ba e465 | 4b0d c401 | 0000 4d89 | 9758 0300 
  0x000001c40d4b6740: 00e9 ba12 | f3ff 49ba | 3666 4b0d | c401 0000 | 4d89 9758 | 0300 00e9 | a412 f3ff | 9090 498b 
  0x000001c40d4b6760: 87d0 0300 | 0049 c787 | d003 0000 | 0000 0000 | 49c7 87d8 | 0300 0000 | 0000 0048 | 81c4 a000 
  0x000001c40d4b6780: 0000 5de9 | 7899 fcff | f4f4 f4f4 | f4f4 f4f4 | f4f4 f4f4 | f4f4 f4f4 | f4f4 f4f4 | f4f4 f4f4 
  0x000001c40d4b67a0: 0f1f 4400 | 0048 bb50 | fb58 17c4 | 0100 00e9 | 9cf5 f2ff | 9048 bb00 | 0000 0000 | 0000 00e9 
  0x000001c40d4b67c0: fbff ffff | 9048 bb00 | 0000 0000 | 0000 00e9 | fbff ffff | 9048 bb00 | 0000 0000 | 0000 00e9 
  0x000001c40d4b67e0: fbff ffff | 9048 bb00 | 0000 0000 | 0000 00e9 | fbff ffff | 9048 bb00 | 0000 0000 | 0000 00e9 
  0x000001c40d4b6800: fbff ffff | 9048 bbd8 | fc58 17c4 | 0100 00e9 | c456 f2ff | 9048 bb00 | 0000 0000 | 0000 00e9 
  0x000001c40d4b6820: fbff ffff | 9048 bb50 | fb58 17c4 | 0100 00e9 | 1cf5 f2ff | 9048 bb00 | 0000 0000 | 0000 00e9 
  0x000001c40d4b6840: fbff ffff | e8b7 c5fc | ff48 b9a8 | 862a 0af9 | 7f00 0048 | 83e4 f049 | ba60 b8f2 | 09f9 7f00 
  0x000001c40d4b6860: 0041 ffd2 | f449 ba65 | 684b 0dc4 | 0100 0041 | 52e9 2a04 | f3ff f4f4 
[/MachCode]
--------------------------------------------------------------------------------


---------------  P R O C E S S  ---------------

Threads class SMR info:
_java_thread_list=0x000001c41f4a3780, length=36, elements={
0x000001c4171925d0, 0x000001c417194270, 0x000001c4171be400, 0x000001c417c1b010,
0x000001c417c1b8d0, 0x000001c417c1c190, 0x000001c417c1ca50, 0x000001c417c4b9f0,
0x000001c41711a720, 0x000001c417dd9dc0, 0x000001c4183faff0, 0x000001c41852d8a0,
0x000001c4185345f0, 0x000001c418651060, 0x000001c418653540, 0x000001c418709db0,
0x000001c419506150, 0x000001c419505c80, 0x000001c419509170, 0x000001c4195057b0,
0x000001c419506620, 0x000001c419506fc0, 0x000001c41869cbc0, 0x000001c41869d090,
0x000001c41869ed70, 0x000001c41869bd50, 0x000001c41869c220, 0x000001c41869aa10,
0x000001c41869f240, 0x000001c418699200, 0x000001c4186996d0, 0x000001c41869a540,
0x000001c41869aee0, 0x000001c41869e8a0, 0x000001c418699ba0, 0x000001c41869b3b0
}

Java Threads: ( => current thread )
  0x000001c4171925d0 JavaThread "Reference Handler" daemon [_thread_blocked, id=11348, stack(0x0000009a67900000,0x0000009a67a00000)]
  0x000001c417194270 JavaThread "Finalizer" daemon [_thread_blocked, id=1784, stack(0x0000009a67a00000,0x0000009a67b00000)]
  0x000001c4171be400 JavaThread "Signal Dispatcher" daemon [_thread_blocked, id=3492, stack(0x0000009a67b00000,0x0000009a67c00000)]
  0x000001c417c1b010 JavaThread "Attach Listener" daemon [_thread_blocked, id=5400, stack(0x0000009a67c00000,0x0000009a67d00000)]
  0x000001c417c1b8d0 JavaThread "Service Thread" daemon [_thread_blocked, id=7624, stack(0x0000009a67d00000,0x0000009a67e00000)]
  0x000001c417c1c190 JavaThread "Monitor Deflation Thread" daemon [_thread_blocked, id=10572, stack(0x0000009a67e00000,0x0000009a67f00000)]
  0x000001c417c1ca50 JavaThread "C1 CompilerThread0" daemon [_thread_blocked, id=1144, stack(0x0000009a67f00000,0x0000009a68000000)]
  0x000001c417c4b9f0 JavaThread "Sweeper thread" daemon [_thread_blocked, id=1540, stack(0x0000009a68000000,0x0000009a68100000)]
  0x000001c41711a720 JavaThread "Common-Cleaner" daemon [_thread_blocked, id=10260, stack(0x0000009a68100000,0x0000009a68200000)]
  0x000001c417dd9dc0 JavaThread "Notification Thread" daemon [_thread_blocked, id=676, stack(0x0000009a68300000,0x0000009a68400000)]
  0x000001c4183faff0 JavaThread "RMI TCP Accept-0" daemon [_thread_in_native, id=2224, stack(0x0000009a68600000,0x0000009a68700000)]
  0x000001c41852d8a0 JavaThread "RMI TCP Accept-57367" daemon [_thread_in_native, id=9372, stack(0x0000009a68700000,0x0000009a68800000)]
  0x000001c4185345f0 JavaThread "RMI TCP Accept-0" daemon [_thread_in_native, id=9100, stack(0x0000009a68800000,0x0000009a68900000)]
  0x000001c418651060 JavaThread "RMI Scheduler(0)" daemon [_thread_blocked, id=11448, stack(0x0000009a69000000,0x0000009a69100000)]
  0x000001c418653540 JavaThread "RMI TCP Connection(21)-127.0.0.1" daemon [_thread_in_native, id=7572, stack(0x0000009a69100000,0x0000009a69200000)]
  0x000001c418709db0 JavaThread "JMX server connection timeout 21" daemon [_thread_blocked, id=4652, stack(0x0000009a69200000,0x0000009a69300000)]
  0x000001c419506150 JavaThread "Catalina-utility-1" [_thread_blocked, id=10032, stack(0x0000009a69500000,0x0000009a69600000)]
  0x000001c419505c80 JavaThread "Catalina-utility-2" [_thread_blocked, id=8568, stack(0x0000009a69600000,0x0000009a69700000)]
  0x000001c419509170 JavaThread "container-0" [_thread_blocked, id=2324, stack(0x0000009a69700000,0x0000009a69800000)]
  0x000001c4195057b0 JavaThread "mysql-cj-abandoned-connection-cleanup" daemon [_thread_blocked, id=3776, stack(0x0000009a69800000,0x0000009a69900000)]
  0x000001c419506620 JavaThread "HikariPool-1 housekeeper" daemon [_thread_blocked, id=4940, stack(0x0000009a69a00000,0x0000009a69b00000)]
=>0x000001c419506fc0 JavaThread "File Watcher" daemon [_thread_in_Java, id=12076, stack(0x0000009a69b00000,0x0000009a69c00000)]
  0x000001c41869cbc0 JavaThread "Live Reload Server" daemon [_thread_in_native, id=9644, stack(0x0000009a69d00000,0x0000009a69e00000)]
  0x000001c41869d090 JavaThread "http-nio-8080-exec-1" daemon [_thread_blocked, id=9712, stack(0x0000009a69c00000,0x0000009a69d00000)]
  0x000001c41869ed70 JavaThread "http-nio-8080-exec-2" daemon [_thread_blocked, id=11900, stack(0x0000009a69e00000,0x0000009a69f00000)]
  0x000001c41869bd50 JavaThread "http-nio-8080-exec-3" daemon [_thread_blocked, id=11620, stack(0x0000009a69f00000,0x0000009a6a000000)]
  0x000001c41869c220 JavaThread "http-nio-8080-exec-4" daemon [_thread_blocked, id=10788, stack(0x0000009a6a000000,0x0000009a6a100000)]
  0x000001c41869aa10 JavaThread "http-nio-8080-exec-5" daemon [_thread_blocked, id=8080, stack(0x0000009a6a100000,0x0000009a6a200000)]
  0x000001c41869f240 JavaThread "http-nio-8080-exec-6" daemon [_thread_blocked, id=11204, stack(0x0000009a6a200000,0x0000009a6a300000)]
  0x000001c418699200 JavaThread "http-nio-8080-exec-7" daemon [_thread_blocked, id=11616, stack(0x0000009a6a300000,0x0000009a6a400000)]
  0x000001c4186996d0 JavaThread "http-nio-8080-exec-8" daemon [_thread_blocked, id=2252, stack(0x0000009a6a400000,0x0000009a6a500000)]
  0x000001c41869a540 JavaThread "http-nio-8080-exec-9" daemon [_thread_blocked, id=11456, stack(0x0000009a6a500000,0x0000009a6a600000)]
  0x000001c41869aee0 JavaThread "http-nio-8080-exec-10" daemon [_thread_blocked, id=7696, stack(0x0000009a6a600000,0x0000009a6a700000)]
  0x000001c41869e8a0 JavaThread "http-nio-8080-Poller" daemon [_thread_in_native, id=10992, stack(0x0000009a6a700000,0x0000009a6a800000)]
  0x000001c418699ba0 JavaThread "http-nio-8080-Acceptor" daemon [_thread_in_native, id=11496, stack(0x0000009a6a800000,0x0000009a6a900000)]
  0x000001c41869b3b0 JavaThread "DestroyJavaVM" [_thread_blocked, id=11388, stack(0x0000009a67200000,0x0000009a67300000)]

Other Threads:
  0x000001c41718dba0 VMThread "VM Thread" [stack: 0x0000009a67800000,0x0000009a67900000] [id=11516]
  0x000001c418534cd0 WatcherThread [stack: 0x0000009a68900000,0x0000009a68a00000] [id=2116]
  0x000001c409d38ad0 GCTaskThread "GC Thread#0" [stack: 0x0000009a67300000,0x0000009a67400000] [id=620]
  0x000001c418576bc0 GCTaskThread "GC Thread#1" [stack: 0x0000009a68a00000,0x0000009a68b00000] [id=11304]
  0x000001c418576e70 GCTaskThread "GC Thread#2" [stack: 0x0000009a68b00000,0x0000009a68c00000] [id=11324]
  0x000001c418608240 GCTaskThread "GC Thread#3" [stack: 0x0000009a68c00000,0x0000009a68d00000] [id=7868]
  0x000001c409d495a0 ConcurrentGCThread "G1 Main Marker" [stack: 0x0000009a67400000,0x0000009a67500000] [id=9204]
  0x000001c409d4b7b0 ConcurrentGCThread "G1 Conc#0" [stack: 0x0000009a67500000,0x0000009a67600000] [id=4052]
  0x000001c409d9e000 ConcurrentGCThread "G1 Refine#0" [stack: 0x0000009a67600000,0x0000009a67700000] [id=7492]
  0x000001c4185a2680 ConcurrentGCThread "G1 Refine#1" [stack: 0x0000009a68d00000,0x0000009a68e00000] [id=12032]
  0x000001c4185a2fe0 ConcurrentGCThread "G1 Refine#2" [stack: 0x0000009a68e00000,0x0000009a68f00000] [id=2812]
  0x000001c409d9e930 ConcurrentGCThread "G1 Service" [stack: 0x0000009a67700000,0x0000009a67800000] [id=11436]

Threads with active compile tasks:

VM state: not at safepoint (normal execution)

VM Mutex/Monitor currently owned by a thread: None

Heap address: 0x0000000081c00000, size: 2020 MB, Compressed Oops mode: 32-bit

CDS archive(s) not mapped
Compressed class space mapped at: 0x0000000100000000-0x0000000140000000, reserved size: 1073741824
Narrow klass base: 0x0000000000000000, Narrow klass shift: 3, Narrow klass range: 0x140000000

GC Precious Log:
 CPUs: 4 total, 4 available
 Memory: 8075M
 Large Page Support: Disabled
 NUMA Support: Disabled
 Compressed Oops: Enabled (32-bit)
 Heap Region Size: 1M
 Heap Min Capacity: 8M
 Heap Initial Capacity: 128M
 Heap Max Capacity: 2020M
 Pre-touch: Disabled
 Parallel Workers: 4
 Concurrent Workers: 1
 Concurrent Refinement Workers: 4
 Periodic GC: Disabled

Heap:
 garbage-first heap   total 181248K, used 126933K [0x0000000081c00000, 0x0000000100000000)
  region size 1024K, 73 young (74752K), 3 survivors (3072K)
 Metaspace       used 88182K, committed 89024K, reserved 1130496K
  class space    used 12106K, committed 12480K, reserved 1048576K

Heap Regions: E=young(eden), S=young(survivor), O=old, HS=humongous(starts), HC=humongous(continues), CS=collection set, F=free, OA=open archive, CA=closed archive, TAMS=top-at-mark-start (previous, next)
|   0|0x0000000081c00000, 0x0000000081d00000, 0x0000000081d00000|100%|HS|  |TAMS 0x0000000081d00000, 0x0000000081c00000| Complete 
|   1|0x0000000081d00000, 0x0000000081e00000, 0x0000000081e00000|100%| O|  |TAMS 0x0000000081e00000, 0x0000000081d00000| Untracked 
|   2|0x0000000081e00000, 0x0000000081f00000, 0x0000000081f00000|100%| O|  |TAMS 0x0000000081f00000, 0x0000000081e00000| Untracked 
|   3|0x0000000081f00000, 0x0000000082000000, 0x0000000082000000|100%| O|  |TAMS 0x0000000082000000, 0x0000000081f00000| Untracked 
|   4|0x0000000082000000, 0x0000000082100000, 0x0000000082100000|100%| O|  |TAMS 0x0000000082100000, 0x0000000082000000| Untracked 
|   5|0x0000000082100000, 0x0000000082200000, 0x0000000082200000|100%| O|  |TAMS 0x0000000082200000, 0x0000000082100000| Untracked 
|   6|0x0000000082200000, 0x0000000082300000, 0x0000000082300000|100%| O|  |TAMS 0x0000000082300000, 0x0000000082200000| Untracked 
|   7|0x0000000082300000, 0x0000000082400000, 0x0000000082400000|100%| O|  |TAMS 0x0000000082400000, 0x0000000082300000| Untracked 
|   8|0x0000000082400000, 0x0000000082500000, 0x0000000082500000|100%| O|  |TAMS 0x0000000082500000, 0x0000000082400000| Untracked 
|   9|0x0000000082500000, 0x0000000082600000, 0x0000000082600000|100%| O|  |TAMS 0x0000000082600000, 0x0000000082500000| Untracked 
|  10|0x0000000082600000, 0x0000000082700000, 0x0000000082700000|100%| O|  |TAMS 0x0000000082700000, 0x0000000082600000| Untracked 
|  11|0x0000000082700000, 0x0000000082800000, 0x0000000082800000|100%| O|  |TAMS 0x0000000082800000, 0x0000000082700000| Untracked 
|  12|0x0000000082800000, 0x0000000082900000, 0x0000000082900000|100%| O|  |TAMS 0x0000000082900000, 0x0000000082800000| Untracked 
|  13|0x0000000082900000, 0x0000000082a00000, 0x0000000082a00000|100%| O|  |TAMS 0x0000000082a00000, 0x0000000082900000| Untracked 
|  14|0x0000000082a00000, 0x0000000082b00000, 0x0000000082b00000|100%| O|  |TAMS 0x0000000082b00000, 0x0000000082a00000| Untracked 
|  15|0x0000000082b00000, 0x0000000082c00000, 0x0000000082c00000|100%| O|  |TAMS 0x0000000082c00000, 0x0000000082b00000| Untracked 
|  16|0x0000000082c00000, 0x0000000082d00000, 0x0000000082d00000|100%| O|  |TAMS 0x0000000082d00000, 0x0000000082c00000| Complete 
|  17|0x0000000082d00000, 0x0000000082e00000, 0x0000000082e00000|100%| O|  |TAMS 0x0000000082e00000, 0x0000000082d00000| Untracked 
|  18|0x0000000082e00000, 0x0000000082f00000, 0x0000000082f00000|100%| O|  |TAMS 0x0000000082f00000, 0x0000000082e00000| Untracked 
|  19|0x0000000082f00000, 0x0000000083000000, 0x0000000083000000|100%| O|  |TAMS 0x0000000083000000, 0x0000000082f00000| Untracked 
|  20|0x0000000083000000, 0x0000000083100000, 0x0000000083100000|100%| O|  |TAMS 0x0000000083100000, 0x0000000083000000| Untracked 
|  21|0x0000000083100000, 0x0000000083200000, 0x0000000083200000|100%| O|  |TAMS 0x0000000083200000, 0x0000000083100000| Untracked 
|  22|0x0000000083200000, 0x0000000083300000, 0x0000000083300000|100%| O|  |TAMS 0x0000000083300000, 0x0000000083200000| Untracked 
|  23|0x0000000083300000, 0x0000000083400000, 0x0000000083400000|100%| O|  |TAMS 0x0000000083400000, 0x0000000083300000| Untracked 
|  24|0x0000000083400000, 0x0000000083500000, 0x0000000083500000|100%| O|  |TAMS 0x0000000083500000, 0x0000000083400000| Untracked 
|  25|0x0000000083500000, 0x0000000083500000, 0x0000000083600000|  0%| F|  |TAMS 0x0000000083500000, 0x0000000083500000| Untracked 
|  26|0x0000000083600000, 0x0000000083700000, 0x0000000083700000|100%| O|  |TAMS 0x0000000083700000, 0x0000000083600000| Untracked 
|  27|0x0000000083700000, 0x0000000083800000, 0x0000000083800000|100%| O|  |TAMS 0x0000000083800000, 0x0000000083700000| Untracked 
|  28|0x0000000083800000, 0x0000000083900000, 0x0000000083900000|100%| O|  |TAMS 0x0000000083900000, 0x0000000083800000| Untracked 
|  29|0x0000000083900000, 0x0000000083a00000, 0x0000000083a00000|100%| O|  |TAMS 0x0000000083a00000, 0x0000000083900000| Untracked 
|  30|0x0000000083a00000, 0x0000000083b00000, 0x0000000083b00000|100%| O|  |TAMS 0x0000000083b00000, 0x0000000083a00000| Untracked 
|  31|0x0000000083b00000, 0x0000000083c00000, 0x0000000083c00000|100%| O|  |TAMS 0x0000000083c00000, 0x0000000083b00000| Complete 
|  32|0x0000000083c00000, 0x0000000083d00000, 0x0000000083d00000|100%| O|  |TAMS 0x0000000083d00000, 0x0000000083c00000| Untracked 
|  33|0x0000000083d00000, 0x0000000083e00000, 0x0000000083e00000|100%| O|  |TAMS 0x0000000083e00000, 0x0000000083d00000| Untracked 
|  34|0x0000000083e00000, 0x0000000083f00000, 0x0000000083f00000|100%| O|  |TAMS 0x0000000083f00000, 0x0000000083e00000| Untracked 
|  35|0x0000000083f00000, 0x0000000084000000, 0x0000000084000000|100%| O|  |TAMS 0x0000000084000000, 0x0000000083f00000| Untracked 
|  36|0x0000000084000000, 0x00000000840d2200, 0x0000000084100000| 82%| O|  |TAMS 0x00000000840d2200, 0x0000000084000000| Complete 
|  37|0x0000000084100000, 0x0000000084200000, 0x0000000084200000|100%| O|  |TAMS 0x0000000084200000, 0x0000000084100000| Untracked 
|  38|0x0000000084200000, 0x0000000084300000, 0x0000000084300000|100%| O|  |TAMS 0x0000000084300000, 0x0000000084200000| Untracked 
|  39|0x0000000084300000, 0x0000000084400000, 0x0000000084400000|100%| O|  |TAMS 0x0000000084400000, 0x0000000084300000| Untracked 
|  40|0x0000000084400000, 0x0000000084500000, 0x0000000084500000|100%| O|  |TAMS 0x0000000084500000, 0x0000000084400000| Untracked 
|  41|0x0000000084500000, 0x0000000084600000, 0x0000000084600000|100%| O|  |TAMS 0x0000000084600000, 0x0000000084500000| Untracked 
|  42|0x0000000084600000, 0x0000000084700000, 0x0000000084700000|100%| O|  |TAMS 0x0000000084700000, 0x0000000084600000| Untracked 
|  43|0x0000000084700000, 0x0000000084800000, 0x0000000084800000|100%| O|  |TAMS 0x0000000084800000, 0x0000000084700000| Untracked 
|  44|0x0000000084800000, 0x0000000084900000, 0x0000000084900000|100%| O|  |TAMS 0x0000000084900000, 0x0000000084800000| Untracked 
|  45|0x0000000084900000, 0x0000000084900000, 0x0000000084a00000|  0%| F|  |TAMS 0x0000000084900000, 0x0000000084900000| Untracked 
|  46|0x0000000084a00000, 0x0000000084b00000, 0x0000000084b00000|100%| O|  |TAMS 0x0000000084b00000, 0x0000000084a00000| Untracked 
|  47|0x0000000084b00000, 0x0000000084c00000, 0x0000000084c00000|100%| O|  |TAMS 0x0000000084c00000, 0x0000000084b00000| Untracked 
|  48|0x0000000084c00000, 0x0000000084d00000, 0x0000000084d00000|100%| O|  |TAMS 0x0000000084d00000, 0x0000000084c00000| Untracked 
|  49|0x0000000084d00000, 0x0000000084e00000, 0x0000000084e00000|100%| O|  |TAMS 0x0000000084e00000, 0x0000000084d00000| Untracked 
|  50|0x0000000084e00000, 0x0000000084f00000, 0x0000000084f00000|100%| O|  |TAMS 0x0000000084f00000, 0x0000000084e00000| Untracked 
|  51|0x0000000084f00000, 0x0000000085000000, 0x0000000085000000|100%| O|  |TAMS 0x0000000085000000, 0x0000000084f00000| Untracked 
|  52|0x0000000085000000, 0x0000000085000000, 0x0000000085100000|  0%| F|  |TAMS 0x0000000085000000, 0x0000000085000000| Untracked 
|  53|0x0000000085100000, 0x0000000085200000, 0x0000000085200000|100%| O|  |TAMS 0x0000000085200000, 0x0000000085100000| Untracked 
|  54|0x0000000085200000, 0x0000000085252600, 0x0000000085300000| 32%| O|  |TAMS 0x0000000085252600, 0x0000000085200000| Untracked 
|  55|0x0000000085300000, 0x0000000085400000, 0x0000000085400000|100%| O|  |TAMS 0x0000000085400000, 0x0000000085300000| Untracked 
|  56|0x0000000085400000, 0x0000000085400000, 0x0000000085500000|  0%| F|  |TAMS 0x0000000085400000, 0x0000000085400000| Untracked 
|  57|0x0000000085500000, 0x0000000085500000, 0x0000000085600000|  0%| F|  |TAMS 0x0000000085500000, 0x0000000085500000| Untracked 
|  58|0x0000000085600000, 0x0000000085600000, 0x0000000085700000|  0%| F|  |TAMS 0x0000000085600000, 0x0000000085600000| Untracked 
|  59|0x0000000085700000, 0x0000000085700000, 0x0000000085800000|  0%| F|  |TAMS 0x0000000085700000, 0x0000000085700000| Untracked 
|  60|0x0000000085800000, 0x0000000085800000, 0x0000000085900000|  0%| F|  |TAMS 0x0000000085800000, 0x0000000085800000| Untracked 
|  61|0x0000000085900000, 0x0000000085900000, 0x0000000085a00000|  0%| F|  |TAMS 0x0000000085900000, 0x0000000085900000| Untracked 
|  62|0x0000000085a00000, 0x0000000085a00000, 0x0000000085b00000|  0%| F|  |TAMS 0x0000000085a00000, 0x0000000085a00000| Untracked 
|  63|0x0000000085b00000, 0x0000000085b00000, 0x0000000085c00000|  0%| F|  |TAMS 0x0000000085b00000, 0x0000000085b00000| Untracked 
|  64|0x0000000085c00000, 0x0000000085c00000, 0x0000000085d00000|  0%| F|  |TAMS 0x0000000085c00000, 0x0000000085c00000| Untracked 
|  65|0x0000000085d00000, 0x0000000085d00000, 0x0000000085e00000|  0%| F|  |TAMS 0x0000000085d00000, 0x0000000085d00000| Untracked 
|  66|0x0000000085e00000, 0x0000000085e00000, 0x0000000085f00000|  0%| F|  |TAMS 0x0000000085e00000, 0x0000000085e00000| Untracked 
|  67|0x0000000085f00000, 0x0000000085f00000, 0x0000000086000000|  0%| F|  |TAMS 0x0000000085f00000, 0x0000000085f00000| Untracked 
|  68|0x0000000086000000, 0x0000000086000000, 0x0000000086100000|  0%| F|  |TAMS 0x0000000086000000, 0x0000000086000000| Untracked 
|  69|0x0000000086100000, 0x0000000086100000, 0x0000000086200000|  0%| F|  |TAMS 0x0000000086100000, 0x0000000086100000| Untracked 
|  70|0x0000000086200000, 0x0000000086200000, 0x0000000086300000|  0%| F|  |TAMS 0x0000000086200000, 0x0000000086200000| Untracked 
|  71|0x0000000086300000, 0x0000000086300000, 0x0000000086400000|  0%| F|  |TAMS 0x0000000086300000, 0x0000000086300000| Untracked 
|  72|0x0000000086400000, 0x0000000086400000, 0x0000000086500000|  0%| F|  |TAMS 0x0000000086400000, 0x0000000086400000| Untracked 
|  73|0x0000000086500000, 0x0000000086500000, 0x0000000086600000|  0%| F|  |TAMS 0x0000000086500000, 0x0000000086500000| Untracked 
|  74|0x0000000086600000, 0x0000000086600000, 0x0000000086700000|  0%| F|  |TAMS 0x0000000086600000, 0x0000000086600000| Untracked 
|  75|0x0000000086700000, 0x00000000867d0f20, 0x0000000086800000| 81%| S|CS|TAMS 0x0000000086700000, 0x0000000086700000| Complete 
|  76|0x0000000086800000, 0x0000000086900000, 0x0000000086900000|100%| S|CS|TAMS 0x0000000086800000, 0x0000000086800000| Complete 
|  77|0x0000000086900000, 0x0000000086a00000, 0x0000000086a00000|100%| S|CS|TAMS 0x0000000086900000, 0x0000000086900000| Complete 
|  78|0x0000000086a00000, 0x0000000086a00000, 0x0000000086b00000|  0%| F|  |TAMS 0x0000000086a00000, 0x0000000086a00000| Untracked 
|  79|0x0000000086b00000, 0x0000000086b00000, 0x0000000086c00000|  0%| F|  |TAMS 0x0000000086b00000, 0x0000000086b00000| Untracked 
|  80|0x0000000086c00000, 0x0000000086c00000, 0x0000000086d00000|  0%| F|  |TAMS 0x0000000086c00000, 0x0000000086c00000| Untracked 
|  81|0x0000000086d00000, 0x0000000086d00000, 0x0000000086e00000|  0%| F|  |TAMS 0x0000000086d00000, 0x0000000086d00000| Untracked 
|  82|0x0000000086e00000, 0x0000000086e00000, 0x0000000086f00000|  0%| F|  |TAMS 0x0000000086e00000, 0x0000000086e00000| Untracked 
|  83|0x0000000086f00000, 0x0000000086f00000, 0x0000000087000000|  0%| F|  |TAMS 0x0000000086f00000, 0x0000000086f00000| Untracked 
|  84|0x0000000087000000, 0x0000000087000000, 0x0000000087100000|  0%| F|  |TAMS 0x0000000087000000, 0x0000000087000000| Untracked 
|  85|0x0000000087100000, 0x0000000087100000, 0x0000000087200000|  0%| F|  |TAMS 0x0000000087100000, 0x0000000087100000| Untracked 
|  86|0x0000000087200000, 0x0000000087200000, 0x0000000087300000|  0%| F|  |TAMS 0x0000000087200000, 0x0000000087200000| Untracked 
|  87|0x0000000087300000, 0x0000000087300000, 0x0000000087400000|  0%| F|  |TAMS 0x0000000087300000, 0x0000000087300000| Untracked 
|  88|0x0000000087400000, 0x0000000087400000, 0x0000000087500000|  0%| F|  |TAMS 0x0000000087400000, 0x0000000087400000| Untracked 
|  89|0x0000000087500000, 0x0000000087500000, 0x0000000087600000|  0%| F|  |TAMS 0x0000000087500000, 0x0000000087500000| Untracked 
|  90|0x0000000087600000, 0x0000000087600000, 0x0000000087700000|  0%| F|  |TAMS 0x0000000087600000, 0x0000000087600000| Untracked 
|  91|0x0000000087700000, 0x0000000087700000, 0x0000000087800000|  0%| F|  |TAMS 0x0000000087700000, 0x0000000087700000| Untracked 
|  92|0x0000000087800000, 0x0000000087800000, 0x0000000087900000|  0%| F|  |TAMS 0x0000000087800000, 0x0000000087800000| Untracked 
|  93|0x0000000087900000, 0x0000000087900000, 0x0000000087a00000|  0%| F|  |TAMS 0x0000000087900000, 0x0000000087900000| Untracked 
|  94|0x0000000087a00000, 0x0000000087a00000, 0x0000000087b00000|  0%| F|  |TAMS 0x0000000087a00000, 0x0000000087a00000| Untracked 
|  95|0x0000000087b00000, 0x0000000087b00000, 0x0000000087c00000|  0%| F|  |TAMS 0x0000000087b00000, 0x0000000087b00000| Untracked 
|  96|0x0000000087c00000, 0x0000000087c00000, 0x0000000087d00000|  0%| F|  |TAMS 0x0000000087c00000, 0x0000000087c00000| Untracked 
|  97|0x0000000087d00000, 0x0000000087d00000, 0x0000000087e00000|  0%| F|  |TAMS 0x0000000087d00000, 0x0000000087d00000| Untracked 
|  98|0x0000000087e00000, 0x0000000087e00000, 0x0000000087f00000|  0%| F|  |TAMS 0x0000000087e00000, 0x0000000087e00000| Untracked 
|  99|0x0000000087f00000, 0x0000000087f00000, 0x0000000088000000|  0%| F|  |TAMS 0x0000000087f00000, 0x0000000087f00000| Untracked 
| 100|0x0000000088000000, 0x0000000088000000, 0x0000000088100000|  0%| F|  |TAMS 0x0000000088000000, 0x0000000088000000| Untracked 
| 101|0x0000000088100000, 0x0000000088100000, 0x0000000088200000|  0%| F|  |TAMS 0x0000000088100000, 0x0000000088100000| Untracked 
| 102|0x0000000088200000, 0x0000000088200000, 0x0000000088300000|  0%| F|  |TAMS 0x0000000088200000, 0x0000000088200000| Untracked 
| 103|0x0000000088300000, 0x0000000088300000, 0x0000000088400000|  0%| F|  |TAMS 0x0000000088300000, 0x0000000088300000| Untracked 
| 104|0x0000000088400000, 0x0000000088400000, 0x0000000088500000|  0%| F|  |TAMS 0x0000000088400000, 0x0000000088400000| Untracked 
| 105|0x0000000088500000, 0x0000000088500000, 0x0000000088600000|  0%| F|  |TAMS 0x0000000088500000, 0x0000000088500000| Untracked 
| 106|0x0000000088600000, 0x0000000088600000, 0x0000000088700000|  0%| F|  |TAMS 0x0000000088600000, 0x0000000088600000| Untracked 
| 107|0x0000000088700000, 0x0000000088700800, 0x0000000088800000|  0%| E|  |TAMS 0x0000000088700000, 0x0000000088700000| Complete 
| 108|0x0000000088800000, 0x0000000088900000, 0x0000000088900000|100%| E|CS|TAMS 0x0000000088800000, 0x0000000088800000| Complete 
| 109|0x0000000088900000, 0x0000000088a00000, 0x0000000088a00000|100%| E|CS|TAMS 0x0000000088900000, 0x0000000088900000| Complete 
| 110|0x0000000088a00000, 0x0000000088b00000, 0x0000000088b00000|100%| E|CS|TAMS 0x0000000088a00000, 0x0000000088a00000| Complete 
| 111|0x0000000088b00000, 0x0000000088c00000, 0x0000000088c00000|100%| E|CS|TAMS 0x0000000088b00000, 0x0000000088b00000| Complete 
| 112|0x0000000088c00000, 0x0000000088d00000, 0x0000000088d00000|100%| E|CS|TAMS 0x0000000088c00000, 0x0000000088c00000| Complete 
| 113|0x0000000088d00000, 0x0000000088e00000, 0x0000000088e00000|100%| E|CS|TAMS 0x0000000088d00000, 0x0000000088d00000| Complete 
| 114|0x0000000088e00000, 0x0000000088f00000, 0x0000000088f00000|100%| E|CS|TAMS 0x0000000088e00000, 0x0000000088e00000| Complete 
| 115|0x0000000088f00000, 0x0000000089000000, 0x0000000089000000|100%| E|CS|TAMS 0x0000000088f00000, 0x0000000088f00000| Complete 
| 116|0x0000000089000000, 0x0000000089100000, 0x0000000089100000|100%| E|CS|TAMS 0x0000000089000000, 0x0000000089000000| Complete 
| 117|0x0000000089100000, 0x0000000089200000, 0x0000000089200000|100%| E|CS|TAMS 0x0000000089100000, 0x0000000089100000| Complete 
| 118|0x0000000089200000, 0x0000000089300000, 0x0000000089300000|100%| E|CS|TAMS 0x0000000089200000, 0x0000000089200000| Complete 
| 119|0x0000000089300000, 0x0000000089400000, 0x0000000089400000|100%| E|CS|TAMS 0x0000000089300000, 0x0000000089300000| Complete 
| 120|0x0000000089400000, 0x0000000089500000, 0x0000000089500000|100%| E|CS|TAMS 0x0000000089400000, 0x0000000089400000| Complete 
| 121|0x0000000089500000, 0x0000000089600000, 0x0000000089600000|100%| E|CS|TAMS 0x0000000089500000, 0x0000000089500000| Complete 
| 122|0x0000000089600000, 0x0000000089700000, 0x0000000089700000|100%| E|CS|TAMS 0x0000000089600000, 0x0000000089600000| Complete 
| 123|0x0000000089700000, 0x0000000089800000, 0x0000000089800000|100%| E|CS|TAMS 0x0000000089700000, 0x0000000089700000| Complete 
| 124|0x0000000089800000, 0x0000000089900000, 0x0000000089900000|100%| E|CS|TAMS 0x0000000089800000, 0x0000000089800000| Complete 
| 125|0x0000000089900000, 0x0000000089a00000, 0x0000000089a00000|100%| E|CS|TAMS 0x0000000089900000, 0x0000000089900000| Complete 
| 126|0x0000000089a00000, 0x0000000089b00000, 0x0000000089b00000|100%| E|CS|TAMS 0x0000000089a00000, 0x0000000089a00000| Complete 
| 127|0x0000000089b00000, 0x0000000089c00000, 0x0000000089c00000|100%| E|CS|TAMS 0x0000000089b00000, 0x0000000089b00000| Complete 
| 128|0x0000000089c00000, 0x0000000089d00000, 0x0000000089d00000|100%| E|CS|TAMS 0x0000000089c00000, 0x0000000089c00000| Complete 
| 129|0x0000000089d00000, 0x0000000089e00000, 0x0000000089e00000|100%| E|CS|TAMS 0x0000000089d00000, 0x0000000089d00000| Complete 
| 130|0x0000000089e00000, 0x0000000089f00000, 0x0000000089f00000|100%| E|CS|TAMS 0x0000000089e00000, 0x0000000089e00000| Complete 
| 131|0x0000000089f00000, 0x000000008a000000, 0x000000008a000000|100%| E|CS|TAMS 0x0000000089f00000, 0x0000000089f00000| Complete 
| 132|0x000000008a000000, 0x000000008a100000, 0x000000008a100000|100%| E|CS|TAMS 0x000000008a000000, 0x000000008a000000| Complete 
| 133|0x000000008a100000, 0x000000008a200000, 0x000000008a200000|100%| E|CS|TAMS 0x000000008a100000, 0x000000008a100000| Complete 
| 134|0x000000008a200000, 0x000000008a300000, 0x000000008a300000|100%| E|CS|TAMS 0x000000008a200000, 0x000000008a200000| Complete 
| 135|0x000000008a300000, 0x000000008a400000, 0x000000008a400000|100%| E|CS|TAMS 0x000000008a300000, 0x000000008a300000| Complete 
| 136|0x000000008a400000, 0x000000008a500000, 0x000000008a500000|100%| E|CS|TAMS 0x000000008a400000, 0x000000008a400000| Complete 
| 137|0x000000008a500000, 0x000000008a600000, 0x000000008a600000|100%| E|CS|TAMS 0x000000008a500000, 0x000000008a500000| Complete 
| 138|0x000000008a600000, 0x000000008a700000, 0x000000008a700000|100%| E|CS|TAMS 0x000000008a600000, 0x000000008a600000| Complete 
| 139|0x000000008a700000, 0x000000008a800000, 0x000000008a800000|100%| E|CS|TAMS 0x000000008a700000, 0x000000008a700000| Complete 
| 140|0x000000008a800000, 0x000000008a900000, 0x000000008a900000|100%| E|CS|TAMS 0x000000008a800000, 0x000000008a800000| Complete 
| 141|0x000000008a900000, 0x000000008aa00000, 0x000000008aa00000|100%| E|CS|TAMS 0x000000008a900000, 0x000000008a900000| Complete 
| 142|0x000000008aa00000, 0x000000008ab00000, 0x000000008ab00000|100%| E|CS|TAMS 0x000000008aa00000, 0x000000008aa00000| Complete 
| 143|0x000000008ab00000, 0x000000008ac00000, 0x000000008ac00000|100%| E|CS|TAMS 0x000000008ab00000, 0x000000008ab00000| Complete 
| 144|0x000000008ac00000, 0x000000008ad00000, 0x000000008ad00000|100%| E|CS|TAMS 0x000000008ac00000, 0x000000008ac00000| Complete 
| 145|0x000000008ad00000, 0x000000008ae00000, 0x000000008ae00000|100%| E|CS|TAMS 0x000000008ad00000, 0x000000008ad00000| Complete 
| 146|0x000000008ae00000, 0x000000008af00000, 0x000000008af00000|100%| E|CS|TAMS 0x000000008ae00000, 0x000000008ae00000| Complete 
| 147|0x000000008af00000, 0x000000008b000000, 0x000000008b000000|100%| E|CS|TAMS 0x000000008af00000, 0x000000008af00000| Complete 
| 148|0x000000008b000000, 0x000000008b100000, 0x000000008b100000|100%| E|CS|TAMS 0x000000008b000000, 0x000000008b000000| Complete 
| 149|0x000000008b100000, 0x000000008b200000, 0x000000008b200000|100%| E|CS|TAMS 0x000000008b100000, 0x000000008b100000| Complete 
| 150|0x000000008b200000, 0x000000008b300000, 0x000000008b300000|100%| E|CS|TAMS 0x000000008b200000, 0x000000008b200000| Complete 
| 151|0x000000008b300000, 0x000000008b400000, 0x000000008b400000|100%| E|CS|TAMS 0x000000008b300000, 0x000000008b300000| Complete 
| 152|0x000000008b400000, 0x000000008b500000, 0x000000008b500000|100%| E|CS|TAMS 0x000000008b400000, 0x000000008b400000| Complete 
| 153|0x000000008b500000, 0x000000008b600000, 0x000000008b600000|100%| E|CS|TAMS 0x000000008b500000, 0x000000008b500000| Complete 
| 154|0x000000008b600000, 0x000000008b700000, 0x000000008b700000|100%| E|CS|TAMS 0x000000008b600000, 0x000000008b600000| Complete 
| 155|0x000000008b700000, 0x000000008b800000, 0x000000008b800000|100%| E|CS|TAMS 0x000000008b700000, 0x000000008b700000| Complete 
| 156|0x000000008b800000, 0x000000008b900000, 0x000000008b900000|100%| E|CS|TAMS 0x000000008b800000, 0x000000008b800000| Complete 
| 157|0x000000008b900000, 0x000000008ba00000, 0x000000008ba00000|100%| E|CS|TAMS 0x000000008b900000, 0x000000008b900000| Complete 
| 158|0x000000008ba00000, 0x000000008bb00000, 0x000000008bb00000|100%| E|CS|TAMS 0x000000008ba00000, 0x000000008ba00000| Complete 
| 159|0x000000008bb00000, 0x000000008bc00000, 0x000000008bc00000|100%| E|CS|TAMS 0x000000008bb00000, 0x000000008bb00000| Complete 
| 160|0x000000008bc00000, 0x000000008bd00000, 0x000000008bd00000|100%| E|CS|TAMS 0x000000008bc00000, 0x000000008bc00000| Complete 
| 161|0x000000008bd00000, 0x000000008be00000, 0x000000008be00000|100%| E|CS|TAMS 0x000000008bd00000, 0x000000008bd00000| Complete 
| 162|0x000000008be00000, 0x000000008bf00000, 0x000000008bf00000|100%| E|CS|TAMS 0x000000008be00000, 0x000000008be00000| Complete 
| 163|0x000000008bf00000, 0x000000008c000000, 0x000000008c000000|100%| E|CS|TAMS 0x000000008bf00000, 0x000000008bf00000| Complete 
| 164|0x000000008c000000, 0x000000008c100000, 0x000000008c100000|100%| E|CS|TAMS 0x000000008c000000, 0x000000008c000000| Complete 
| 165|0x000000008c100000, 0x000000008c200000, 0x000000008c200000|100%| E|CS|TAMS 0x000000008c100000, 0x000000008c100000| Complete 
| 166|0x000000008c200000, 0x000000008c300000, 0x000000008c300000|100%| E|CS|TAMS 0x000000008c200000, 0x000000008c200000| Complete 
| 167|0x000000008c300000, 0x000000008c400000, 0x000000008c400000|100%| E|CS|TAMS 0x000000008c300000, 0x000000008c300000| Complete 
| 168|0x000000008c400000, 0x000000008c500000, 0x000000008c500000|100%| E|CS|TAMS 0x000000008c400000, 0x000000008c400000| Complete 
| 169|0x000000008c500000, 0x000000008c600000, 0x000000008c600000|100%| E|CS|TAMS 0x000000008c500000, 0x000000008c500000| Complete 
| 170|0x000000008c600000, 0x000000008c700000, 0x000000008c700000|100%| E|CS|TAMS 0x000000008c600000, 0x000000008c600000| Complete 
| 171|0x000000008c700000, 0x000000008c800000, 0x000000008c800000|100%| E|CS|TAMS 0x000000008c700000, 0x000000008c700000| Complete 
| 172|0x000000008c800000, 0x000000008c900000, 0x000000008c900000|100%| E|CS|TAMS 0x000000008c800000, 0x000000008c800000| Complete 
| 173|0x000000008c900000, 0x000000008ca00000, 0x000000008ca00000|100%| E|CS|TAMS 0x000000008c900000, 0x000000008c900000| Complete 
| 174|0x000000008ca00000, 0x000000008cb00000, 0x000000008cb00000|100%| E|CS|TAMS 0x000000008ca00000, 0x000000008ca00000| Complete 
| 175|0x000000008cb00000, 0x000000008cc00000, 0x000000008cc00000|100%| E|CS|TAMS 0x000000008cb00000, 0x000000008cb00000| Complete 
| 266|0x0000000092600000, 0x0000000092700000, 0x0000000092700000|100%| E|CS|TAMS 0x0000000092600000, 0x0000000092600000| Complete 

Card table byte_map: [0x000001c410790000,0x000001c410b90000] _byte_map_base: 0x000001c410382000

Marking Bits (Prev, Next): (CMBitMap*) 0x000001c409d39030, (CMBitMap*) 0x000001c409d38ff0
 Prev Bits: [0x000001c412f20000, 0x000001c414eb0000)
 Next Bits: [0x000001c410f90000, 0x000001c412f20000)

Polling page: 0x000001c407ae0000

Metaspace:

Usage:
  Non-class:     74.29 MB used.
      Class:     11.82 MB used.
       Both:     86.12 MB used.

Virtual space:
  Non-class space:       80.00 MB reserved,      74.75 MB ( 93%) committed,  10 nodes.
      Class space:        1.00 GB reserved,      12.19 MB (  1%) committed,  1 nodes.
             Both:        1.08 GB reserved,      86.94 MB (  8%) committed. 

Chunk freelists:
   Non-Class:  804.00 KB
       Class:  3.79 MB
        Both:  4.58 MB

MaxMetaspaceSize: unlimited
CompressedClassSpaceSize: 1.00 GB
Initial GC threshold: 21.00 MB
Current GC threshold: 144.38 MB
CDS: off
MetaspaceReclaimPolicy: balanced
 - commit_granule_bytes: 65536.
 - commit_granule_words: 8192.
 - virtual_space_node_default_size: 1048576.
 - enlarge_chunks_in_place: 1.
 - new_chunks_are_fully_committed: 0.
 - uncommit_free_chunks: 1.
 - use_allocation_guard: 0.
 - handle_deallocations: 1.


Internal statistics:

num_allocs_failed_limit: 9.
num_arena_births: 1456.
num_arena_deaths: 348.
num_vsnodes_births: 11.
num_vsnodes_deaths: 0.
num_space_committed: 1391.
num_space_uncommitted: 0.
num_chunks_returned_to_freelist: 433.
num_chunks_taken_from_freelist: 4697.
num_chunk_merges: 137.
num_chunk_splits: 3077.
num_chunks_enlarged: 2158.
num_purges: 16.
num_inconsistent_stats: 0.

CodeCache: size=49152Kb used=24201Kb max_used=25074Kb free=24950Kb
 bounds [0x000001c40d390000, 0x000001c40ec10000, 0x000001c410390000]
 total_blobs=14643 nmethods=13709 adapters=860
 compilation: enabled
              stopped_count=0, restarted_count=0
 full_count=0

Compilation events (20 events):
Event: 779.769 Thread 0x000001c417c1ca50 13895       1       com.fasterxml.jackson.core.json.UTF8StreamJsonParser::nextToken (534 bytes)
Event: 779.774 Thread 0x000001c417c1ca50 nmethod 13895 0x000001c40eb41790 code [0x000001c40eb41b80, 0x000001c40eb42ce8]
Event: 779.774 Thread 0x000001c417c1ca50 13896       1       com.fasterxml.jackson.core.json.UTF8StreamJsonParser::_skipWSOrEnd (268 bytes)
Event: 779.775 Thread 0x000001c417c1ca50 nmethod 13896 0x000001c40eb40e90 code [0x000001c40eb410c0, 0x000001c40eb41528]
Event: 779.775 Thread 0x000001c417c1ca50 13897       1       com.fasterxml.jackson.core.json.UTF8StreamJsonParser::_updateLocation (35 bytes)
Event: 779.775 Thread 0x000001c417c1ca50 nmethod 13897 0x000001c40eb40b90 code [0x000001c40eb40d20, 0x000001c40eb40df8]
Event: 779.789 Thread 0x000001c417c1ca50 13898       1       org.springframework.http.HttpEntity::getBody (5 bytes)
Event: 779.789 Thread 0x000001c417c1ca50 nmethod 13898 0x000001c40eb40890 code [0x000001c40eb40a20, 0x000001c40eb40af8]
Event: 779.789 Thread 0x000001c417c1ca50 13899       1       com.fasterxml.jackson.databind.ser.DefaultSerializerProvider$Impl::createInstance (11 bytes)
Event: 779.790 Thread 0x000001c417c1ca50 nmethod 13899 0x000001c40eb40490 code [0x000001c40eb40620, 0x000001c40eb40788]
Event: 779.790 Thread 0x000001c417c1ca50 13900       1       com.fasterxml.jackson.databind.ser.DefaultSerializerProvider$Impl::<init> (8 bytes)
Event: 779.790 Thread 0x000001c417c1ca50 nmethod 13900 0x000001c40eb40190 code [0x000001c40eb40320, 0x000001c40eb40408]
Event: 779.790 Thread 0x000001c417c1ca50 13902       1       com.fasterxml.jackson.databind.SerializerProvider::<init> (122 bytes)
Event: 779.791 Thread 0x000001c417c1ca50 nmethod 13902 0x000001c40eb3f810 code [0x000001c40eb3fa00, 0x000001c40eb40068]
Event: 779.791 Thread 0x000001c417c1ca50 13903       1       com.fasterxml.jackson.databind.ser.SerializerCache::getReadOnlyLookupMap (22 bytes)
Event: 779.791 Thread 0x000001c417c1ca50 nmethod 13903 0x000001c40eb3f090 code [0x000001c40eb3f240, 0x000001c40eb3f588]
Event: 779.792 Thread 0x000001c417c1ca50 13901       1       com.fasterxml.jackson.databind.ser.DefaultSerializerProvider::<init> (8 bytes)
Event: 779.792 Thread 0x000001c417c1ca50 nmethod 13901 0x000001c40eb3ed90 code [0x000001c40eb3ef20, 0x000001c40eb3f008]
Event: 779.792 Thread 0x000001c417c1ca50 13904       1       com.fasterxml.jackson.databind.ser.DefaultSerializerProvider$Impl::createInstance (7 bytes)
Event: 779.792 Thread 0x000001c417c1ca50 nmethod 13904 0x000001c40eb3e990 code [0x000001c40eb3eb20, 0x000001c40eb3ec88]

GC Heap History (20 events):
Event: 611.922 GC heap before
{Heap before GC invocations=81 (full 0):
 garbage-first heap   total 194560K, used 166091K [0x0000000081c00000, 0x0000000100000000)
  region size 1024K, 110 young (112640K), 2 survivors (2048K)
 Metaspace       used 87512K, committed 88256K, reserved 1130496K
  class space    used 11986K, committed 12352K, reserved 1048576K
}
Event: 611.927 GC heap after
{Heap after GC invocations=82 (full 0):
 garbage-first heap   total 194560K, used 56857K [0x0000000081c00000, 0x0000000100000000)
  region size 1024K, 3 young (3072K), 3 survivors (3072K)
 Metaspace       used 87512K, committed 88256K, reserved 1130496K
  class space    used 11986K, committed 12352K, reserved 1048576K
}
Event: 638.416 GC heap before
{Heap before GC invocations=83 (full 0):
 garbage-first heap   total 194560K, used 167449K [0x0000000081c00000, 0x0000000100000000)
  region size 1024K, 111 young (113664K), 3 survivors (3072K)
 Metaspace       used 87522K, committed 88256K, reserved 1130496K
  class space    used 11988K, committed 12352K, reserved 1048576K
}
Event: 638.431 GC heap after
{Heap after GC invocations=84 (full 0):
 garbage-first heap   total 194560K, used 58364K [0x0000000081c00000, 0x0000000100000000)
  region size 1024K, 5 young (5120K), 5 survivors (5120K)
 Metaspace       used 87522K, committed 88256K, reserved 1130496K
  class space    used 11988K, committed 12352K, reserved 1048576K
}
Event: 639.650 GC heap before
{Heap before GC invocations=84 (full 0):
 garbage-first heap   total 194560K, used 62460K [0x0000000081c00000, 0x0000000100000000)
  region size 1024K, 9 young (9216K), 5 survivors (5120K)
 Metaspace       used 87522K, committed 88256K, reserved 1130496K
  class space    used 11988K, committed 12352K, reserved 1048576K
}
Event: 639.659 GC heap after
{Heap after GC invocations=85 (full 0):
 garbage-first heap   total 194560K, used 55681K [0x0000000081c00000, 0x0000000100000000)
  region size 1024K, 2 young (2048K), 2 survivors (2048K)
 Metaspace       used 87522K, committed 88256K, reserved 1130496K
  class space    used 11988K, committed 12352K, reserved 1048576K
}
Event: 662.788 GC heap before
{Heap before GC invocations=85 (full 0):
 garbage-first heap   total 194560K, used 164225K [0x0000000081c00000, 0x0000000100000000)
  region size 1024K, 109 young (111616K), 2 survivors (2048K)
 Metaspace       used 87615K, committed 88384K, reserved 1130496K
  class space    used 11997K, committed 12352K, reserved 1048576K
}
Event: 662.793 GC heap after
{Heap after GC invocations=86 (full 0):
 garbage-first heap   total 194560K, used 57365K [0x0000000081c00000, 0x0000000100000000)
  region size 1024K, 3 young (3072K), 3 survivors (3072K)
 Metaspace       used 87615K, committed 88384K, reserved 1130496K
  class space    used 11997K, committed 12352K, reserved 1048576K
}
Event: 688.017 GC heap before
{Heap before GC invocations=87 (full 0):
 garbage-first heap   total 194560K, used 164885K [0x0000000081c00000, 0x0000000100000000)
  region size 1024K, 109 young (111616K), 3 survivors (3072K)
 Metaspace       used 87615K, committed 88384K, reserved 1130496K
  class space    used 11997K, committed 12352K, reserved 1048576K
}
Event: 688.032 GC heap after
{Heap after GC invocations=88 (full 0):
 garbage-first heap   total 194560K, used 57106K [0x0000000081c00000, 0x0000000100000000)
  region size 1024K, 4 young (4096K), 4 survivors (4096K)
 Metaspace       used 87615K, committed 88384K, reserved 1130496K
  class space    used 11997K, committed 12352K, reserved 1048576K
}
Event: 689.728 GC heap before
{Heap before GC invocations=88 (full 0):
 garbage-first heap   total 194560K, used 62226K [0x0000000081c00000, 0x0000000100000000)
  region size 1024K, 9 young (9216K), 4 survivors (4096K)
 Metaspace       used 87615K, committed 88384K, reserved 1130496K
  class space    used 11997K, committed 12352K, reserved 1048576K
}
Event: 689.733 GC heap after
{Heap after GC invocations=89 (full 0):
 garbage-first heap   total 194560K, used 53378K [0x0000000081c00000, 0x0000000100000000)
  region size 1024K, 2 young (2048K), 2 survivors (2048K)
 Metaspace       used 87615K, committed 88384K, reserved 1130496K
  class space    used 11997K, committed 12352K, reserved 1048576K
}
Event: 716.350 GC heap before
{Heap before GC invocations=89 (full 0):
 garbage-first heap   total 194560K, used 166018K [0x0000000081c00000, 0x0000000100000000)
  region size 1024K, 112 young (114688K), 2 survivors (2048K)
 Metaspace       used 87924K, committed 88704K, reserved 1130496K
  class space    used 12049K, committed 12416K, reserved 1048576K
}
Event: 716.354 GC heap after
{Heap after GC invocations=90 (full 0):
 garbage-first heap   total 194560K, used 53043K [0x0000000081c00000, 0x0000000100000000)
  region size 1024K, 1 young (1024K), 1 survivors (1024K)
 Metaspace       used 87924K, committed 88704K, reserved 1130496K
  class space    used 12049K, committed 12416K, reserved 1048576K
}
Event: 742.629 GC heap before
{Heap before GC invocations=91 (full 0):
 garbage-first heap   total 181248K, used 166707K [0x0000000081c00000, 0x0000000100000000)
  region size 1024K, 113 young (115712K), 1 survivors (1024K)
 Metaspace       used 87928K, committed 88704K, reserved 1130496K
  class space    used 12050K, committed 12416K, reserved 1048576K
}
Event: 742.635 GC heap after
{Heap after GC invocations=92 (full 0):
 garbage-first heap   total 181248K, used 53923K [0x0000000081c00000, 0x0000000100000000)
  region size 1024K, 2 young (2048K), 2 survivors (2048K)
 Metaspace       used 87928K, committed 88704K, reserved 1130496K
  class space    used 12050K, committed 12416K, reserved 1048576K
}
Event: 743.915 GC heap before
{Heap before GC invocations=92 (full 0):
 garbage-first heap   total 181248K, used 60067K [0x0000000081c00000, 0x0000000100000000)
  region size 1024K, 8 young (8192K), 2 survivors (2048K)
 Metaspace       used 87928K, committed 88704K, reserved 1130496K
  class space    used 12050K, committed 12416K, reserved 1048576K
}
Event: 743.935 GC heap after
{Heap after GC invocations=93 (full 0):
 garbage-first heap   total 181248K, used 54418K [0x0000000081c00000, 0x0000000100000000)
  region size 1024K, 1 young (1024K), 1 survivors (1024K)
 Metaspace       used 87928K, committed 88704K, reserved 1130496K
  class space    used 12050K, committed 12416K, reserved 1048576K
}
Event: 767.782 GC heap before
{Heap before GC invocations=93 (full 0):
 garbage-first heap   total 181248K, used 154770K [0x0000000081c00000, 0x0000000100000000)
  region size 1024K, 99 young (101376K), 1 survivors (1024K)
 Metaspace       used 88049K, committed 88832K, reserved 1130496K
  class space    used 12071K, committed 12416K, reserved 1048576K
}
Event: 767.788 GC heap after
{Heap after GC invocations=94 (full 0):
 garbage-first heap   total 181248K, used 56277K [0x0000000081c00000, 0x0000000100000000)
  region size 1024K, 3 young (3072K), 3 survivors (3072K)
 Metaspace       used 88049K, committed 88832K, reserved 1130496K
  class space    used 12071K, committed 12416K, reserved 1048576K
}

Dll operation events (9 events):
Event: 0.024 Loaded shared library C:\sts-4.18.0.RELEASE\plugins\org.eclipse.justj.openjdk.hotspot.jre.full.win32.x86_64_17.0.6.v20230204-1729\jre\bin\java.dll
Event: 0.765 Loaded shared library C:\sts-4.18.0.RELEASE\plugins\org.eclipse.justj.openjdk.hotspot.jre.full.win32.x86_64_17.0.6.v20230204-1729\jre\bin\jimage.dll
Event: 0.794 Loaded shared library C:\sts-4.18.0.RELEASE\plugins\org.eclipse.justj.openjdk.hotspot.jre.full.win32.x86_64_17.0.6.v20230204-1729\jre\bin\net.dll
Event: 0.797 Loaded shared library C:\sts-4.18.0.RELEASE\plugins\org.eclipse.justj.openjdk.hotspot.jre.full.win32.x86_64_17.0.6.v20230204-1729\jre\bin\nio.dll
Event: 0.804 Loaded shared library C:\sts-4.18.0.RELEASE\plugins\org.eclipse.justj.openjdk.hotspot.jre.full.win32.x86_64_17.0.6.v20230204-1729\jre\bin\zip.dll
Event: 0.940 Loaded shared library C:\sts-4.18.0.RELEASE\plugins\org.eclipse.justj.openjdk.hotspot.jre.full.win32.x86_64_17.0.6.v20230204-1729\jre\bin\management.dll
Event: 0.966 Loaded shared library C:\sts-4.18.0.RELEASE\plugins\org.eclipse.justj.openjdk.hotspot.jre.full.win32.x86_64_17.0.6.v20230204-1729\jre\bin\management_ext.dll
Event: 3.447 Loaded shared library C:\sts-4.18.0.RELEASE\plugins\org.eclipse.justj.openjdk.hotspot.jre.full.win32.x86_64_17.0.6.v20230204-1729\jre\bin\verify.dll
Event: 7.421 Loaded shared library C:\sts-4.18.0.RELEASE\plugins\org.eclipse.justj.openjdk.hotspot.jre.full.win32.x86_64_17.0.6.v20230204-1729\jre\bin\sunmscapi.dll

Deoptimization events (18 events):
Event: 4.131 Thread 0x000001c419506af0 DEOPT PACKING pc=0x000001c40d9a5819 sp=0x0000009a694fcb20
Event: 4.131 Thread 0x000001c419506af0 DEOPT UNPACKING pc=0x000001c40d3e7143 sp=0x0000009a694fc000 mode 3
Event: 7.292 Thread 0x000001c419506af0 DEOPT PACKING pc=0x000001c40dc5bdfd sp=0x0000009a694fca60
Event: 7.292 Thread 0x000001c419506af0 DEOPT UNPACKING pc=0x000001c40d3e7143 sp=0x0000009a694fbfc8 mode 3
Event: 12.658 Thread 0x000001c419506af0 DEOPT PACKING pc=0x000001c40d9baa94 sp=0x0000009a694fbde0
Event: 12.658 Thread 0x000001c419506af0 DEOPT UNPACKING pc=0x000001c40d3e7143 sp=0x0000009a694fb338 mode 0
Event: 13.134 Thread 0x000001c419506af0 DEOPT PACKING pc=0x000001c40e00ab19 sp=0x0000009a694fc6b0
Event: 13.134 Thread 0x000001c419506af0 DEOPT UNPACKING pc=0x000001c40d3e7143 sp=0x0000009a694fbb90 mode 3
Event: 14.922 Thread 0x000001c419506af0 DEOPT PACKING pc=0x000001c40d954852 sp=0x0000009a694f77d0
Event: 14.922 Thread 0x000001c419506af0 DEOPT UNPACKING pc=0x000001c40d3e7143 sp=0x0000009a694f6cd8 mode 3
Event: 14.922 Thread 0x000001c419506af0 DEOPT PACKING pc=0x000001c40d926545 sp=0x0000009a694f7790
Event: 14.922 Thread 0x000001c419506af0 DEOPT UNPACKING pc=0x000001c40d3e7143 sp=0x0000009a694f6cd8 mode 3
Event: 130.770 Thread 0x000001c41869f240 DEOPT PACKING pc=0x000001c40d694904 sp=0x0000009a6a2fa2f0
Event: 130.770 Thread 0x000001c41869f240 DEOPT UNPACKING pc=0x000001c40d3e7143 sp=0x0000009a6a2f9918 mode 0
Event: 374.268 Thread 0x000001c41869f240 DEOPT PACKING pc=0x000001c40e9b697b sp=0x0000009a6a2f9860
Event: 374.268 Thread 0x000001c41869f240 DEOPT UNPACKING pc=0x000001c40d3e7143 sp=0x0000009a6a2f8d88 mode 3
Event: 641.125 Thread 0x000001c41869bd50 DEOPT PACKING pc=0x000001c40e650ffc sp=0x0000009a69ff8660
Event: 641.125 Thread 0x000001c41869bd50 DEOPT UNPACKING pc=0x000001c40d3e7143 sp=0x0000009a69ff7af8 mode 0

Classes unloaded (20 events):
Event: 269.591 Thread 0x000001c41718dba0 Unloading class 0x0000000100143400 'java/lang/invoke/LambdaForm$MH+0x0000000100143400'
Event: 269.591 Thread 0x000001c41718dba0 Unloading class 0x0000000100143000 'java/lang/invoke/LambdaForm$MH+0x0000000100143000'
Event: 269.591 Thread 0x000001c41718dba0 Unloading class 0x00000001000c6000 'java/lang/invoke/LambdaForm$MH+0x00000001000c6000'
Event: 269.591 Thread 0x000001c41718dba0 Unloading class 0x00000001000c5c00 'java/lang/invoke/LambdaForm$MH+0x00000001000c5c00'
Event: 269.591 Thread 0x000001c41718dba0 Unloading class 0x00000001000c5800 'java/lang/invoke/LambdaForm$MH+0x00000001000c5800'
Event: 269.591 Thread 0x000001c41718dba0 Unloading class 0x00000001000c5400 'java/lang/invoke/LambdaForm$MH+0x00000001000c5400'
Event: 269.591 Thread 0x000001c41718dba0 Unloading class 0x00000001000c5000 'java/lang/invoke/LambdaForm$MH+0x00000001000c5000'
Event: 269.591 Thread 0x000001c41718dba0 Unloading class 0x00000001000c4c00 'java/lang/invoke/LambdaForm$MH+0x00000001000c4c00'
Event: 269.591 Thread 0x000001c41718dba0 Unloading class 0x00000001000c3000 'java/lang/invoke/LambdaForm$MH+0x00000001000c3000'
Event: 269.591 Thread 0x000001c41718dba0 Unloading class 0x00000001000c2400 'java/lang/invoke/LambdaForm$MH+0x00000001000c2400'
Event: 269.591 Thread 0x000001c41718dba0 Unloading class 0x00000001000c1c00 'java/lang/invoke/LambdaForm$MH+0x00000001000c1c00'
Event: 269.591 Thread 0x000001c41718dba0 Unloading class 0x00000001000c1400 'java/lang/invoke/LambdaForm$MH+0x00000001000c1400'
Event: 269.591 Thread 0x000001c41718dba0 Unloading class 0x00000001000c0c00 'java/lang/invoke/LambdaForm$MH+0x00000001000c0c00'
Event: 312.446 Thread 0x000001c41718dba0 Unloading class 0x0000000100610000 'jdk/internal/reflect/GeneratedConstructorAccessor35'
Event: 432.441 Thread 0x000001c41718dba0 Unloading class 0x00000001000c0c00 'jdk/internal/reflect/GeneratedSerializationConstructorAccessor37'
Event: 432.441 Thread 0x000001c41718dba0 Unloading class 0x00000001000c1400 'jdk/internal/reflect/GeneratedSerializationConstructorAccessor36'
Event: 432.441 Thread 0x000001c41718dba0 Unloading class 0x00000001000c1c00 'jdk/internal/reflect/GeneratedSerializationConstructorAccessor35'
Event: 767.971 Thread 0x000001c41718dba0 Unloading class 0x0000000100c11400 'jdk/internal/reflect/GeneratedSerializationConstructorAccessor40'
Event: 767.971 Thread 0x000001c41718dba0 Unloading class 0x0000000100c11000 'jdk/internal/reflect/GeneratedSerializationConstructorAccessor39'
Event: 767.971 Thread 0x000001c41718dba0 Unloading class 0x0000000100c10c00 'jdk/internal/reflect/GeneratedSerializationConstructorAccessor38'

Classes redefined (0 events):
No events

Internal exceptions (20 events):
Event: 131.721 Thread 0x000001c41869f240 Exception <a 'java/lang/ClassNotFoundException'{0x0000000086d3b430}: groovy/lang/GString$1Customizer> (0x0000000086d3b430) 
thrown [s\src\hotspot\share\classfile\systemDictionary.cpp, line 256]
Event: 131.733 Thread 0x000001c41869f240 Exception <a 'java/lang/ClassNotFoundException'{0x0000000086cdcd88}: org/codehaus/groovy/runtime/GStringImplBeanInfo> (0x0000000086cdcd88) 
thrown [s\src\hotspot\share\classfile\systemDictionary.cpp, line 256]
Event: 131.739 Thread 0x000001c41869f240 Exception <a 'java/lang/ClassNotFoundException'{0x0000000086a423b0}: org/codehaus/groovy/runtime/GStringImplCustomizer> (0x0000000086a423b0) 
thrown [s\src\hotspot\share\classfile\systemDictionary.cpp, line 256]
Event: 131.743 Thread 0x000001c41869f240 Exception <a 'java/lang/ClassNotFoundException'{0x0000000086a744c0}: org/thymeleaf/standard/processor/StandardWithTagProcessorBeanInfo> (0x0000000086a744c0) 
thrown [s\src\hotspot\share\classfile\systemDictionary.cpp, line 256]
Event: 131.745 Thread 0x000001c41869f240 Exception <a 'java/lang/ClassNotFoundException'{0x0000000086a7ef60}: org/thymeleaf/standard/processor/StandardWithTagProcessorCustomizer> (0x0000000086a7ef60) 
thrown [s\src\hotspot\share\classfile\systemDictionary.cpp, line 256]
Event: 131.749 Thread 0x000001c41869f240 Exception <a 'java/lang/ClassNotFoundException'{0x0000000086a942d8}: org/thymeleaf/engine/HTMLAttributeDefinitionBeanInfo> (0x0000000086a942d8) 
thrown [s\src\hotspot\share\classfile\systemDictionary.cpp, line 256]
Event: 131.751 Thread 0x000001c41869f240 Exception <a 'java/lang/ClassNotFoundException'{0x0000000086a9e5f0}: org/thymeleaf/engine/AttributeDefinitionBeanInfo> (0x0000000086a9e5f0) 
thrown [s\src\hotspot\share\classfile\systemDictionary.cpp, line 256]
Event: 131.754 Thread 0x000001c41869f240 Exception <a 'java/lang/ClassNotFoundException'{0x0000000086aa89a8}: org/thymeleaf/engine/AttributeDefinitionCustomizer> (0x0000000086aa89a8) 
thrown [s\src\hotspot\share\classfile\systemDictionary.cpp, line 256]
Event: 131.756 Thread 0x000001c41869f240 Exception <a 'java/lang/ClassNotFoundException'{0x0000000086ab87f8}: org/thymeleaf/engine/HTMLAttributeDefinitionCustomizer> (0x0000000086ab87f8) 
thrown [s\src\hotspot\share\classfile\systemDictionary.cpp, line 256]
Event: 131.763 Thread 0x000001c41869f240 Exception <a 'java/lang/ClassNotFoundException'{0x0000000086ae2348}: org/thymeleaf/engine/ElementModelStructureHandlerBeanInfo> (0x0000000086ae2348) 
thrown [s\src\hotspot\share\classfile\systemDictionary.cpp, line 256]
Event: 131.764 Thread 0x000001c41869f240 Exception <a 'java/lang/ClassNotFoundException'{0x0000000086aeba20}: org/thymeleaf/engine/ElementModelStructureHandlerCustomizer> (0x0000000086aeba20) 
thrown [s\src\hotspot\share\classfile\systemDictionary.cpp, line 256]
Event: 131.766 Thread 0x000001c41869f240 Exception <a 'java/lang/NoSuchMethodError'{0x0000000086afef38}: 'java.lang.Object java.lang.invoke.DirectMethodHandle$Holder.invokeStatic(java.lang.Object, java.lang.Object, java.lang.Object, java.lang.Object, int)'> (0x0000000086afef38) 
thrown [s\src\hotspot\share\interpreter\linkResolver.cpp, line 759]
Event: 131.793 Thread 0x000001c41869f240 Exception <a 'java/lang/ClassNotFoundException'{0x000000008695ce80}: org/thymeleaf/engine/ElementTagStructureHandlerBeanInfo> (0x000000008695ce80) 
thrown [s\src\hotspot\share\classfile\systemDictionary.cpp, line 256]
Event: 131.794 Thread 0x000001c41869f240 Exception <a 'java/lang/ClassNotFoundException'{0x0000000086966480}: org/thymeleaf/engine/ElementTagStructureHandlerCustomizer> (0x0000000086966480) 
thrown [s\src\hotspot\share\classfile\systemDictionary.cpp, line 256]
Event: 317.783 Thread 0x000001c418653540 Exception <a 'java/lang/NoSuchMethodError'{0x000000008a5f7e90}: static [B.<clinit>()V> (0x000000008a5f7e90) 
thrown [s\src\hotspot\share\prims\jni.cpp, line 1107]
Event: 534.420 Thread 0x000001c41869c220 Exception <a 'sun/net/ConnectionResetException'{0x0000000092620bd8}: Connection reset> (0x0000000092620bd8) 
thrown [s\src\hotspot\share\prims\jni.cpp, line 535]
Event: 617.746 Thread 0x000001c418653540 Exception <a 'java/lang/NoSuchMethodError'{0x000000008c39d0b8}: static [B.<clinit>()V> (0x000000008c39d0b8) 
thrown [s\src\hotspot\share\prims\jni.cpp, line 1107]
Event: 778.608 Thread 0x000001c41869d090 Exception <a 'java/lang/NoSuchMethodError'{0x0000000089eeba38}: 'void java.lang.invoke.DirectMethodHandle$Holder.invokeSpecial(java.lang.Object, java.lang.Object, int, java.lang.Object)'> (0x0000000089eeba38) 
thrown [s\src\hotspot\share\interpreter\linkResolver.cpp, line 759]
Event: 778.621 Thread 0x000001c41869d090 Exception <a 'java/lang/NoSuchMethodError'{0x0000000089d232f0}: 'java.lang.Object java.lang.invoke.DirectMethodHandle$Holder.newInvokeSpecial(java.lang.Object, java.lang.Object, int, java.lang.Object)'> (0x0000000089d232f0) 
thrown [s\src\hotspot\share\interpreter\linkResolver.cpp, line 759]
Event: 778.622 Thread 0x000001c41869d090 Exception <a 'java/lang/NoSuchMethodError'{0x0000000089d276c8}: 'java.lang.Object java.lang.invoke.Invokers$Holder.linkToTargetMethod(java.lang.Object, int, java.lang.Object, java.lang.Object)'> (0x0000000089d276c8) 
thrown [s\src\hotspot\share\interpreter\linkResolver.cpp, line 759]

VM Operations (20 events):
Event: 752.940 Executing VM operation: Cleanup
Event: 752.940 Executing VM operation: Cleanup done
Event: 756.942 Executing VM operation: Cleanup
Event: 756.942 Executing VM operation: Cleanup done
Event: 763.945 Executing VM operation: Cleanup
Event: 763.945 Executing VM operation: Cleanup done
Event: 767.782 Executing VM operation: G1CollectForAllocation
Event: 767.788 Executing VM operation: G1CollectForAllocation done
Event: 767.970 Executing VM operation: G1Concurrent
Event: 767.988 Executing VM operation: G1Concurrent done
Event: 768.082 Executing VM operation: G1Concurrent
Event: 768.082 Executing VM operation: G1Concurrent done
Event: 778.614 Executing VM operation: HandshakeAllThreads
Event: 778.614 Executing VM operation: HandshakeAllThreads done
Event: 778.614 Executing VM operation: Cleanup
Event: 778.614 Executing VM operation: Cleanup done
Event: 778.618 Executing VM operation: HandshakeAllThreads
Event: 778.618 Executing VM operation: HandshakeAllThreads done
Event: 779.617 Executing VM operation: Cleanup
Event: 779.617 Executing VM operation: Cleanup done

Events (20 events):
Event: 641.007 Thread 0x000001c417d77a80 Thread added: 0x000001c417d77a80
Event: 641.007 Thread 0x000001c4184f7390 Thread added: 0x000001c4184f7390
Event: 641.115 loading class java/lang/NegativeArraySizeException
Event: 641.115 loading class java/lang/NegativeArraySizeException done
Event: 646.150 Thread 0x000001c4184f7390 Thread exited: 0x000001c4184f7390
Event: 646.165 Thread 0x000001c417d77a80 Thread exited: 0x000001c417d77a80
Event: 675.908 Thread 0x000001c417d77a80 Thread added: 0x000001c417d77a80
Event: 675.908 Thread 0x000001c4184f7390 Thread added: 0x000001c4184f7390
Event: 680.937 Thread 0x000001c4184f7390 Thread exited: 0x000001c4184f7390
Event: 689.710 Thread 0x000001c417d77a80 Thread exited: 0x000001c417d77a80
Event: 707.044 loading class java/io/FileOutputStream$1
Event: 707.044 loading class java/io/FileOutputStream$1 done
Event: 719.484 Thread 0x000001c41c4c2b60 Thread added: 0x000001c41c4c2b60
Event: 719.484 Thread 0x000001c41861c5e0 Thread added: 0x000001c41861c5e0
Event: 727.922 Thread 0x000001c41861c5e0 Thread exited: 0x000001c41861c5e0
Event: 736.421 Thread 0x000001c41c4c2b60 Thread exited: 0x000001c41c4c2b60
Event: 755.961 loading class jdk/internal/reflect/UnsafeDoubleFieldAccessorImpl
Event: 755.962 loading class jdk/internal/reflect/UnsafeDoubleFieldAccessorImpl done
Event: 755.978 Thread 0x000001c41861c5e0 Thread added: 0x000001c41861c5e0
Event: 760.986 Thread 0x000001c41861c5e0 Thread exited: 0x000001c41861c5e0


Dynamic libraries:
0x00007ff704230000 - 0x00007ff70423e000 	C:\sts-4.18.0.RELEASE\plugins\org.eclipse.justj.openjdk.hotspot.jre.full.win32.x86_64_17.0.6.v20230204-1729\jre\bin\javaw.exe
0x00007ff958130000 - 0x00007ff958328000 	C:\Windows\SYSTEM32\ntdll.dll
0x00007ff9562c0000 - 0x00007ff95637f000 	C:\Windows\System32\KERNEL32.DLL
0x00007ff955b50000 - 0x00007ff955e22000 	C:\Windows\System32\KERNELBASE.dll
0x00007ff955940000 - 0x00007ff955a40000 	C:\Windows\System32\ucrtbase.dll
0x00007ff94d3a0000 - 0x00007ff94d3b7000 	C:\sts-4.18.0.RELEASE\plugins\org.eclipse.justj.openjdk.hotspot.jre.full.win32.x86_64_17.0.6.v20230204-1729\jre\bin\jli.dll
0x00007ff957b00000 - 0x00007ff957ca1000 	C:\Windows\System32\USER32.dll
0x00007ff955a40000 - 0x00007ff955a62000 	C:\Windows\System32\win32u.dll
0x00007ff957cb0000 - 0x00007ff957cdb000 	C:\Windows\System32\GDI32.dll
0x00007ff955e30000 - 0x00007ff955f3f000 	C:\Windows\System32\gdi32full.dll
0x00007ff9558a0000 - 0x00007ff95593d000 	C:\Windows\System32\msvcp_win.dll
0x00007ff94da20000 - 0x00007ff94da39000 	C:\sts-4.18.0.RELEASE\plugins\org.eclipse.justj.openjdk.hotspot.jre.full.win32.x86_64_17.0.6.v20230204-1729\jre\bin\VCRUNTIME140.dll
0x00007ff954c30000 - 0x00007ff954eca000 	C:\Windows\WinSxS\amd64_microsoft.windows.common-controls_6595b64144ccf1df_6.0.19041.1110_none_60b5254171f9507e\COMCTL32.dll
0x00007ff9564d0000 - 0x00007ff95656e000 	C:\Windows\System32\msvcrt.dll
0x00007ff9575b0000 - 0x00007ff9575e0000 	C:\Windows\System32\IMM32.DLL
0x00007ff93fc90000 - 0x00007ff93fc9c000 	C:\sts-4.18.0.RELEASE\plugins\org.eclipse.justj.openjdk.hotspot.jre.full.win32.x86_64_17.0.6.v20230204-1729\jre\bin\vcruntime140_1.dll
0x00007ff927ba0000 - 0x00007ff927c31000 	C:\sts-4.18.0.RELEASE\plugins\org.eclipse.justj.openjdk.hotspot.jre.full.win32.x86_64_17.0.6.v20230204-1729\jre\bin\msvcp140.dll
0x00007ff909980000 - 0x00007ff90a5c7000 	C:\sts-4.18.0.RELEASE\plugins\org.eclipse.justj.openjdk.hotspot.jre.full.win32.x86_64_17.0.6.v20230204-1729\jre\bin\server\jvm.dll
0x00007ff957a50000 - 0x00007ff957afe000 	C:\Windows\System32\ADVAPI32.dll
0x00007ff957fc0000 - 0x00007ff95805c000 	C:\Windows\System32\sechost.dll
0x00007ff956a00000 - 0x00007ff956b24000 	C:\Windows\System32\RPCRT4.dll
0x00007ff941410000 - 0x00007ff941419000 	C:\Windows\SYSTEM32\WSOCK32.dll
0x00007ff956b30000 - 0x00007ff956b9b000 	C:\Windows\System32\WS2_32.dll
0x00007ff93d3b0000 - 0x00007ff93d3d7000 	C:\Windows\SYSTEM32\WINMM.dll
0x00007ff94bca0000 - 0x00007ff94bcaa000 	C:\Windows\SYSTEM32\VERSION.dll
0x00007ff953a10000 - 0x00007ff953a22000 	C:\Windows\SYSTEM32\kernel.appcore.dll
0x00007ff94da10000 - 0x00007ff94da1a000 	C:\sts-4.18.0.RELEASE\plugins\org.eclipse.justj.openjdk.hotspot.jre.full.win32.x86_64_17.0.6.v20230204-1729\jre\bin\jimage.dll
0x00007ff9550c0000 - 0x00007ff9552a4000 	C:\Windows\SYSTEM32\DBGHELP.DLL
0x00007ff955000000 - 0x00007ff955035000 	C:\Windows\SYSTEM32\dbgcore.DLL
0x00007ff9560a0000 - 0x00007ff956122000 	C:\Windows\System32\bcryptPrimitives.dll
0x00007ff93fb70000 - 0x00007ff93fb95000 	C:\sts-4.18.0.RELEASE\plugins\org.eclipse.justj.openjdk.hotspot.jre.full.win32.x86_64_17.0.6.v20230204-1729\jre\bin\java.dll
0x00007ff946b90000 - 0x00007ff946ba8000 	C:\sts-4.18.0.RELEASE\plugins\org.eclipse.justj.openjdk.hotspot.jre.full.win32.x86_64_17.0.6.v20230204-1729\jre\bin\zip.dll
0x00007ff956cf0000 - 0x00007ff957435000 	C:\Windows\System32\SHELL32.dll
0x00007ff953260000 - 0x00007ff9539f2000 	C:\Windows\SYSTEM32\windows.storage.dll
0x00007ff956570000 - 0x00007ff9568c5000 	C:\Windows\System32\combase.dll
0x00007ff954b90000 - 0x00007ff954bc0000 	C:\Windows\SYSTEM32\Wldp.dll
0x00007ff956180000 - 0x00007ff95622d000 	C:\Windows\System32\SHCORE.dll
0x00007ff956c90000 - 0x00007ff956ce5000 	C:\Windows\System32\shlwapi.dll
0x00007ff955770000 - 0x00007ff95578f000 	C:\Windows\SYSTEM32\profapi.dll
0x00007ff942b80000 - 0x00007ff942b99000 	C:\sts-4.18.0.RELEASE\plugins\org.eclipse.justj.openjdk.hotspot.jre.full.win32.x86_64_17.0.6.v20230204-1729\jre\bin\net.dll
0x00007ff94ace0000 - 0x00007ff94adea000 	C:\Windows\SYSTEM32\WINHTTP.dll
0x00007ff954a60000 - 0x00007ff954aca000 	C:\Windows\system32\mswsock.dll
0x00007ff93fc70000 - 0x00007ff93fc85000 	C:\sts-4.18.0.RELEASE\plugins\org.eclipse.justj.openjdk.hotspot.jre.full.win32.x86_64_17.0.6.v20230204-1729\jre\bin\nio.dll
0x00007ff93ea40000 - 0x00007ff93ea49000 	C:\sts-4.18.0.RELEASE\plugins\org.eclipse.justj.openjdk.hotspot.jre.full.win32.x86_64_17.0.6.v20230204-1729\jre\bin\management.dll
0x00007ff93b7f0000 - 0x00007ff93b7fb000 	C:\sts-4.18.0.RELEASE\plugins\org.eclipse.justj.openjdk.hotspot.jre.full.win32.x86_64_17.0.6.v20230204-1729\jre\bin\management_ext.dll
0x00007ff9563a0000 - 0x00007ff9563a8000 	C:\Windows\System32\PSAPI.DLL
0x00007ff9500e0000 - 0x00007ff9500f7000 	C:\Windows\system32\napinsp.dll
0x00007ff9500c0000 - 0x00007ff9500db000 	C:\Windows\system32\pnrpnsp.dll
0x00007ff94eff0000 - 0x00007ff94f005000 	C:\Windows\system32\wshbth.dll
0x00007ff94fd70000 - 0x00007ff94fd8d000 	C:\Windows\system32\NLAapi.dll
0x00007ff9545e0000 - 0x00007ff95461b000 	C:\Windows\SYSTEM32\IPHLPAPI.DLL
0x00007ff954620000 - 0x00007ff9546eb000 	C:\Windows\SYSTEM32\DNSAPI.dll
0x00007ff956c80000 - 0x00007ff956c88000 	C:\Windows\System32\NSI.dll
0x00007ff9435b0000 - 0x00007ff9435c2000 	C:\Windows\System32\winrnr.dll
0x00007ff944510000 - 0x00007ff94451a000 	C:\Windows\System32\rasadhlp.dll
0x00007ff944980000 - 0x00007ff944a00000 	C:\Windows\System32\fwpuclnt.dll
0x00007ff955b20000 - 0x00007ff955b47000 	C:\Windows\System32\bcrypt.dll
0x00007ff9555c0000 - 0x00007ff9555d8000 	C:\Windows\SYSTEM32\CRYPTSP.dll
0x00007ff954270000 - 0x00007ff9542a4000 	C:\Windows\system32\rsaenh.dll
0x00007ff955730000 - 0x00007ff95575e000 	C:\Windows\SYSTEM32\USERENV.dll
0x00007ff954b50000 - 0x00007ff954b5c000 	C:\Windows\SYSTEM32\CRYPTBASE.dll
0x00007ff94cc80000 - 0x00007ff94cc97000 	C:\Windows\SYSTEM32\dhcpcsvc6.DLL
0x00007ff94c1f0000 - 0x00007ff94c20d000 	C:\Windows\SYSTEM32\dhcpcsvc.DLL
0x00007ff94ca80000 - 0x00007ff94ca90000 	C:\sts-4.18.0.RELEASE\plugins\org.eclipse.justj.openjdk.hotspot.jre.full.win32.x86_64_17.0.6.v20230204-1729\jre\bin\verify.dll
0x00007ff948280000 - 0x00007ff94828e000 	C:\sts-4.18.0.RELEASE\plugins\org.eclipse.justj.openjdk.hotspot.jre.full.win32.x86_64_17.0.6.v20230204-1729\jre\bin\sunmscapi.dll
0x00007ff955f40000 - 0x00007ff956096000 	C:\Windows\System32\CRYPT32.dll
0x00007ff954c00000 - 0x00007ff954c27000 	C:\Windows\SYSTEM32\ncrypt.dll
0x00007ff954bc0000 - 0x00007ff954bfb000 	C:\Windows\SYSTEM32\NTASN1.dll
0x00007ff9484e0000 - 0x00007ff9484e7000 	C:\Windows\system32\wshunix.dll

dbghelp: loaded successfully - version: 4.0.5 - missing functions: none
symbol engine: initialized successfully - sym options: 0x614 - pdb path: .;C:\sts-4.18.0.RELEASE\plugins\org.eclipse.justj.openjdk.hotspot.jre.full.win32.x86_64_17.0.6.v20230204-1729\jre\bin;C:\Windows\SYSTEM32;C:\Windows\WinSxS\amd64_microsoft.windows.common-controls_6595b64144ccf1df_6.0.19041.1110_none_60b5254171f9507e;C:\sts-4.18.0.RELEASE\plugins\org.eclipse.justj.openjdk.hotspot.jre.full.win32.x86_64_17.0.6.v20230204-1729\jre\bin\server

VM Arguments:
jvm_args: -Dcom.sun.management.jmxremote -Dcom.sun.management.jmxremote.port=57367 -Dcom.sun.management.jmxremote.authenticate=false -Dcom.sun.management.jmxremote.ssl=false -Djava.rmi.server.hostname=localhost -Dspring.jmx.enabled=true -Dmanagement.endpoints.jmx.exposure.include=* -Dspring.application.admin.enabled=true -XX:TieredStopAtLevel=1 -Dspring.boot.project.name=institucion -Dfile.encoding=UTF-8 -XX:+ShowCodeDetailsInExceptionMessages 
java_command: com.uisarel.institucion.InstitucionApplication --spring.output.ansi.enabled=always
java_class_path (initial): E:\PROYECTOS CIVILES\institucion\target\classes;C:\Users\JMISERVER13\.m2\repository\org\springframework\boot\spring-boot-starter-data-jpa\3.0.0\spring-boot-starter-data-jpa-3.0.0.jar;C:\Users\JMISERVER13\.m2\repository\org\springframework\boot\spring-boot-starter-aop\3.0.0\spring-boot-starter-aop-3.0.0.jar;C:\Users\JMISERVER13\.m2\repository\org\aspectj\aspectjweaver\1.9.9.1\aspectjweaver-1.9.9.1.jar;C:\Users\JMISERVER13\.m2\repository\org\springframework\boot\spring-boot-starter-jdbc\3.0.0\spring-boot-starter-jdbc-3.0.0.jar;C:\Users\JMISERVER13\.m2\repository\com\zaxxer\HikariCP\5.0.1\HikariCP-5.0.1.jar;C:\Users\JMISERVER13\.m2\repository\org\springframework\spring-jdbc\6.0.2\spring-jdbc-6.0.2.jar;C:\Users\JMISERVER13\.m2\repository\org\hibernate\orm\hibernate-core\6.1.5.Final\hibernate-core-6.1.5.Final.jar;C:\Users\JMISERVER13\.m2\repository\jakarta\persistence\jakarta.persistence-api\3.1.0\jakarta.persistence-api-3.1.0.jar;C:\Users\JMISERVER13\.m2\repository\jakarta\transaction\jakarta.transaction-api\2.0.1\jakarta.transaction-api-2.0.1.jar;C:\Users\JMISERVER13\.m2\repository\org\jboss\logging\jboss-logging\3.5.0.Final\jboss-logging-3.5.0.Final.jar;C:\Users\JMISERVER13\.m2\repository\org\hibernate\common\hibernate-commons-annotations\6.0.2.Final\hibernate-commons-annotations-6.0.2.Final.jar;C:\Users\JMISERVER13\.m2\repository\org\jboss\jandex\2.4.2.Final\jandex-2.4.2.Final.jar;C:\Users\JMISERVER13\.m2\repository\com\fasterxml\classmate\1.5.1\classmate-1.5.1.jar;C:\Users\JMISERVER13\.m2\repository\net\bytebuddy\byte-buddy\1.12.19\byte-buddy-1.12.19.jar;C:\Users\JMISERVER13\.m2\repository\org\glassfish\jaxb\jaxb-runtime\4.0.1\jaxb-runtime-4.0.1.jar;C:\Users\JMISERVER13\.m2\repository\org\glassfish\jaxb\jaxb-core\4.0.1\jaxb-core-4.0.1.jar;C:\Users\JMISERVER13\.m2\repository\org\eclipse\angus\angus-activation\1.0.0\angus-activation-1.0.0.jar;C:\Users\JMISERVER13\.m2\repository\org\glassfish\jaxb\txw2\4.0.1\txw2-4.0.1.jar;C:\Users\JMISERVE
Launcher Type: SUN_STANDARD

[Global flags]
     intx CICompilerCount                          = 3                                         {product} {ergonomic}
     uint ConcGCThreads                            = 1                                         {product} {ergonomic}
     uint G1ConcRefinementThreads                  = 4                                         {product} {ergonomic}
   size_t G1HeapRegionSize                         = 1048576                                   {product} {ergonomic}
    uintx GCDrainStackTargetSize                   = 64                                        {product} {ergonomic}
   size_t InitialHeapSize                          = 134217728                                 {product} {ergonomic}
     bool ManagementServer                         = true                                      {product} {command line}
   size_t MarkStackSize                            = 4194304                                   {product} {ergonomic}
   size_t MaxHeapSize                              = 2118123520                                {product} {ergonomic}
   size_t MaxNewSize                               = 1270874112                                {product} {ergonomic}
   size_t MinHeapDeltaBytes                        = 1048576                                   {product} {ergonomic}
   size_t MinHeapSize                              = 8388608                                   {product} {ergonomic}
    uintx NonProfiledCodeHeapSize                  = 0                                      {pd product} {ergonomic}
     bool ProfileInterpreter                       = false                                  {pd product} {command line}
    uintx ProfiledCodeHeapSize                     = 0                                      {pd product} {ergonomic}
     bool ShowCodeDetailsInExceptionMessages       = true                                   {manageable} {command line}
   size_t SoftMaxHeapSize                          = 2118123520                             {manageable} {ergonomic}
     intx TieredStopAtLevel                        = 1                                         {product} {command line}
     bool UseCompressedClassPointers               = true                           {product lp64_product} {ergonomic}
     bool UseCompressedOops                        = true                           {product lp64_product} {ergonomic}
     bool UseG1GC                                  = true                                      {product} {ergonomic}
     bool UseLargePagesIndividualAllocation        = false                                  {pd product} {ergonomic}

Logging:
Log output configuration:
 #0: stdout all=warning uptime,level,tags
 #1: stderr all=off uptime,level,tags

Environment Variables:
JAVA_HOME=C:\Program Files\Java\jdk-17
PATH=C:/sts-4.18.0.RELEASE//plugins/org.eclipse.justj.openjdk.hotspot.jre.full.win32.x86_64_17.0.6.v20230204-1729/jre/bin/server;C:/sts-4.18.0.RELEASE//plugins/org.eclipse.justj.openjdk.hotspot.jre.full.win32.x86_64_17.0.6.v20230204-1729/jre/bin;C:\Program Files\Common Files\Oracle\Java\javapath;C:\Users\JMISERVER13\AppData\Local\Programs\Python\Python310\Scripts\;C:\Users\JMISERVER13\AppData\Local\Programs\Python\Python310\;C:\ProgramData\Oracle\Java\javapath;C:\Windows\system32;C:\Windows;C:\Windows\System32\Wbem;C:\Windows\System32\WindowsPowerShell\v1.0\;C:\Windows\System32\OpenSSH\;C:\xampp\php;C:\ProgramData\ComposerSetup\bin;C:\Program Files (x86)\Pulse Secure\VC142.CRT\X64\;C:\Program Files (x86)\Pulse Secure\VC142.CRT\X86\;C:\Program Files\Git\cmd;C:\ProgramData\chocolatey\bin;C:\Program Files\apache-maven-3.8.4\bin;C:\Program Files\OpenSSL-Win64\bin;C:\Program Files\Java\jdk-17\bin;C:\Program Files\Apache Software Foundation\Tomcat 9.0_JMISERVER13\bin;C:\xampp\php\php;C:\Program Files\MariaDB 10.6\bin;C:\Program Files\nodejs\;C:\Users\JMISERVER13\AppData\Local\Programs\Python\Python310\lib\runpy.py;C:\Users\JMISERVER13\AppData\Local\Programs\Python\Python310\Scripts\;C:\Users\JMISERVER13\AppData\Local\Programs\Python\Python310\;C:\Users\JMISERVER13\AppData\Local\Microsoft\WindowsApps;C:\Users\JMISERVER13\AppData\Roaming\Composer\vendor\bin;C:\Users\JMISERVER13\AppData\Local\Programs\Microsoft VS Code\bin;C:\src\flutter\bin;C:\Program Files\Apache Software Foundation\Tomcat 9.0_JMISERVER13\bin;C:\Users\JMISERVER13\AppData\Roaming\npm;C:\Users\JMISERVER13\AppData\Local\atom\bin;C:\Program Files\JetBrains\PyCharm 2022.2\bin;;C:\Program Files\Java\jdk-17\bin;;C:\sts-4.18.0.RELEASE;
USERNAME=JMISERVER13
OS=Windows_NT
PROCESSOR_IDENTIFIER=Intel64 Family 6 Model 69 Stepping 1, GenuineIntel
TMP=C:\Users\JMISER~1\AppData\Local\Temp
TEMP=C:\Users\JMISER~1\AppData\Local\Temp



---------------  S Y S T E M  ---------------

OS:
 Windows 10 , 64 bit Build 19041 (10.0.19041.2546)
OS uptime: 1 days 3:32 hours

CPU: total 4 (initial active 4) (2 cores per cpu, 2 threads per core) family 6 model 69 stepping 1 microcode 0x25, cx8, cmov, fxsr, ht, mmx, sse, sse2, sse3, ssse3, sse4.1, sse4.2, popcnt, lzcnt, tsc, tscinvbit, avx, avx2, aes, erms, clmul, bmi1, bmi2, fma, vzeroupper, clflush

Memory: 4k page, system-wide physical 8075M (2696M free)
TotalPageFile size 13707M (AvailPageFile size 8052M)
current process WorkingSet (physical memory assigned to process): 370M, peak: 428M
current process commit charge ("private bytes"): 396M, peak: 468M

vm_info: OpenJDK 64-Bit Server VM (17.0.6+10) for windows-amd64 JRE (17.0.6+10), built on Jan 18 2023 10:08:59 by "temurin" with MS VC++ 16.7 (VS2019)

END.
